<?xml version="1.0" encoding="UTF-8"?>
<coverage generated="1629120574548" clover="3.2.0">
  <project timestamp="1629120574549" name="All files">
    <metrics statements="31" coveredstatements="11" conditionals="16" coveredconditionals="4" methods="5" coveredmethods="2" elements="52" coveredelements="17" complexity="0" loc="31" ncloc="31" packages="3" files="4" classes="4"/>
    <package name="src">
      <metrics statements="1" coveredstatements="1" conditionals="0" coveredconditionals="0" methods="0" coveredmethods="0"/>
      <file name="globalStyles.js" path="C:\Users\Vuyo\Documents\3rd year\SD\find-loverz\src\globalStyles.js">
        <metrics statements="1" coveredstatements="1" conditionals="0" coveredconditionals="0" methods="0" coveredmethods="0"/>
        <line num="1" count="1" type="stmt"/>
      </file>
    </package>
    <package name="src.AuthFiles">
      <metrics statements="18" coveredstatements="9" conditionals="12" coveredconditionals="4" methods="4" coveredmethods="2"/>
      <file name="Login.js" path="C:\Users\Vuyo\Documents\3rd year\SD\find-loverz\src\AuthFiles\Login.js">
        <metrics statements="17" coveredstatements="8" conditionals="12" coveredconditionals="4" methods="4" coveredmethods="2"/>
        <line num="10" count="1" type="stmt"/>
        <line num="11" count="1" type="stmt"/>
        <line num="12" count="1" type="stmt"/>
        <line num="13" count="1" type="stmt"/>
        <line num="15" count="1" type="stmt"/>
        <line num="17" count="0" type="stmt"/>
        <line num="18" count="0" type="stmt"/>
        <line num="19" count="0" type="cond" truecount="0" falsecount="2"/>
        <line num="20" count="0" type="stmt"/>
        <line num="22" count="0" type="cond" truecount="0" falsecount="2"/>
        <line num="24" count="0" type="stmt"/>
        <line num="28" count="0" type="stmt"/>
        <line num="33" count="1" type="stmt"/>
        <line num="43" count="0" type="stmt"/>
        <line num="44" count="0" type="stmt"/>
        <line num="49" count="1" type="stmt"/>
        <line num="86" count="1" type="stmt"/>
      </file>
      <file name="UserValidation.js" path="C:\Users\Vuyo\Documents\3rd year\SD\find-loverz\src\AuthFiles\UserValidation.js">
        <metrics statements="1" coveredstatements="1" conditionals="0" coveredconditionals="0" methods="0" coveredmethods="0"/>
        <line num="4" count="1" type="stmt"/>
      </file>
    </package>
    <package name="src.BackendRequests">
      <metrics statements="12" coveredstatements="1" conditionals="4" coveredconditionals="0" methods="1" coveredmethods="0"/>
      <file name="Authentication.js" path="C:\Users\Vuyo\Documents\3rd year\SD\find-loverz\src\BackendRequests\Authentication.js">
        <metrics statements="12" coveredstatements="1" conditionals="4" coveredconditionals="0" methods="1" coveredmethods="0"/>
        <line num="2" count="1" type="stmt"/>
        <line num="3" count="0" type="stmt"/>
        <line num="7" count="0" type="cond" truecount="0" falsecount="2"/>
        <line num="8" count="0" type="stmt"/>
        <line num="9" count="0" type="stmt"/>
        <line num="10" count="0" type="stmt"/>
        <line num="12" count="0" type="cond" truecount="0" falsecount="2"/>
        <line num="13" count="0" type="stmt"/>
        <line num="14" count="0" type="stmt"/>
        <line num="15" count="0" type="stmt"/>
        <line num="17" count="0" type="stmt"/>
        <line num="18" count="0" type="stmt"/>
      </file>
    </package>
  </project>
</coverage>
