{"C:\\Users\\Vuyo\\Documents\\3rd year\\SD\\find-loverz\\src\\App.js": {"path":"C:\\Users\\Vuyo\\Documents\\3rd year\\SD\\find-loverz\\src\\App.js","statementMap":{"0":{"start":{"line":20,"column":26},"end":{"line":20,"column":40}},"1":{"start":{"line":21,"column":36},"end":{"line":21,"column":50}},"2":{"start":{"line":22,"column":22},"end":{"line":22,"column":36}},"3":{"start":{"line":24,"column":2},"end":{"line":43,"column":8}},"4":{"start":{"line":26,"column":4},"end":{"line":42,"column":5}},"5":{"start":{"line":27,"column":29},"end":{"line":35,"column":7}},"6":{"start":{"line":38,"column":18},"end":{"line":38,"column":56}},"7":{"start":{"line":39,"column":6},"end":{"line":39,"column":33}},"8":{"start":{"line":45,"column":32},"end":{"line":54,"column":3}},"9":{"start":{"line":46,"column":4},"end":{"line":53,"column":5}},"10":{"start":{"line":47,"column":23},"end":{"line":47,"column":45}},"11":{"start":{"line":48,"column":6},"end":{"line":50,"column":7}},"12":{"start":{"line":49,"column":8},"end":{"line":49,"column":26}},"13":{"start":{"line":52,"column":6},"end":{"line":52,"column":25}},"14":{"start":{"line":56,"column":2},"end":{"line":58,"column":8}},"15":{"start":{"line":57,"column":4},"end":{"line":57,"column":28}},"16":{"start":{"line":61,"column":2},"end":{"line":97,"column":4}},"17":{"start":{"line":67,"column":12},"end":{"line":67,"column":51}},"18":{"start":{"line":72,"column":12},"end":{"line":72,"column":58}},"19":{"start":{"line":77,"column":12},"end":{"line":77,"column":78}},"20":{"start":{"line":82,"column":12},"end":{"line":82,"column":41}},"21":{"start":{"line":87,"column":12},"end":{"line":87,"column":108}},"22":{"start":{"line":92,"column":12},"end":{"line":92,"column":52}}},"fnMap":{"0":{"name":"App","decl":{"start":{"line":19,"column":9},"end":{"line":19,"column":12}},"loc":{"start":{"line":19,"column":15},"end":{"line":98,"column":1}},"line":19},"1":{"name":"(anonymous_1)","decl":{"start":{"line":24,"column":12},"end":{"line":24,"column":13}},"loc":{"start":{"line":24,"column":18},"end":{"line":43,"column":3}},"line":24},"2":{"name":"(anonymous_2)","decl":{"start":{"line":45,"column":32},"end":{"line":45,"column":33}},"loc":{"start":{"line":45,"column":38},"end":{"line":54,"column":3}},"line":45},"3":{"name":"(anonymous_3)","decl":{"start":{"line":56,"column":12},"end":{"line":56,"column":13}},"loc":{"start":{"line":56,"column":18},"end":{"line":58,"column":3}},"line":56},"4":{"name":"(anonymous_4)","decl":{"start":{"line":66,"column":38},"end":{"line":66,"column":39}},"loc":{"start":{"line":67,"column":12},"end":{"line":67,"column":51}},"line":67},"5":{"name":"(anonymous_5)","decl":{"start":{"line":71,"column":38},"end":{"line":71,"column":39}},"loc":{"start":{"line":72,"column":12},"end":{"line":72,"column":58}},"line":72},"6":{"name":"(anonymous_6)","decl":{"start":{"line":76,"column":36},"end":{"line":76,"column":37}},"loc":{"start":{"line":77,"column":12},"end":{"line":77,"column":78}},"line":77},"7":{"name":"(anonymous_7)","decl":{"start":{"line":81,"column":39},"end":{"line":81,"column":40}},"loc":{"start":{"line":82,"column":12},"end":{"line":82,"column":41}},"line":82},"8":{"name":"(anonymous_8)","decl":{"start":{"line":86,"column":36},"end":{"line":86,"column":37}},"loc":{"start":{"line":87,"column":12},"end":{"line":87,"column":108}},"line":87},"9":{"name":"(anonymous_9)","decl":{"start":{"line":91,"column":39},"end":{"line":91,"column":40}},"loc":{"start":{"line":92,"column":12},"end":{"line":92,"column":52}},"line":92}},"branchMap":{"0":{"loc":{"start":{"line":48,"column":6},"end":{"line":50,"column":7}},"type":"if","locations":[{"start":{"line":48,"column":6},"end":{"line":50,"column":7}},{"start":{"line":48,"column":6},"end":{"line":50,"column":7}}],"line":48}},"s":{"0":3,"1":3,"2":3,"3":3,"4":2,"5":2,"6":2,"7":1,"8":3,"9":2,"10":2,"11":2,"12":0,"13":0,"14":3,"15":2,"16":3,"17":3,"18":0,"19":0,"20":0,"21":0,"22":0},"f":{"0":3,"1":2,"2":2,"3":2,"4":3,"5":0,"6":0,"7":0,"8":0,"9":0},"b":{"0":[0,2]},"_coverageSchema":"1a1c01bbd47fc00a2c39e90264f33305004495a9","hash":"bcd12af25ecaadf09966eb9ecff5e37d5286abf7"}
,"C:\\Users\\Vuyo\\Documents\\3rd year\\SD\\find-loverz\\src\\globalStyles.js": {"path":"C:\\Users\\Vuyo\\Documents\\3rd year\\SD\\find-loverz\\src\\globalStyles.js","statementMap":{"0":{"start":{"line":1,"column":28},"end":{"line":19,"column":1}}},"fnMap":{},"branchMap":{},"s":{"0":3},"f":{},"b":{},"_coverageSchema":"1a1c01bbd47fc00a2c39e90264f33305004495a9","hash":"3f56377785c7efc666b6562570149143134ca1d4"}
,"C:\\Users\\Vuyo\\Documents\\3rd year\\SD\\find-loverz\\src\\AuthFiles\\DatePicker.js": {"path":"C:\\Users\\Vuyo\\Documents\\3rd year\\SD\\find-loverz\\src\\AuthFiles\\DatePicker.js","statementMap":{"0":{"start":{"line":6,"column":17},"end":{"line":6,"column":27}},"1":{"start":{"line":7,"column":20},"end":{"line":7,"column":33}},"2":{"start":{"line":8,"column":4},"end":{"line":20,"column":5}},"3":{"start":{"line":12,"column":25},"end":{"line":12,"column":35}}},"fnMap":{"0":{"name":"DatePicker","decl":{"start":{"line":5,"column":9},"end":{"line":5,"column":19}},"loc":{"start":{"line":5,"column":26},"end":{"line":21,"column":1}},"line":5},"1":{"name":"(anonymous_1)","decl":{"start":{"line":12,"column":22},"end":{"line":12,"column":23}},"loc":{"start":{"line":12,"column":25},"end":{"line":12,"column":35}},"line":12}},"branchMap":{},"s":{"0":0,"1":0,"2":0,"3":0},"f":{"0":0,"1":0},"b":{},"_coverageSchema":"1a1c01bbd47fc00a2c39e90264f33305004495a9","hash":"3b157075f2115a5d463227261151ac25985f81ca"}
,"C:\\Users\\Vuyo\\Documents\\3rd year\\SD\\find-loverz\\src\\AuthFiles\\Login.js": {"path":"C:\\Users\\Vuyo\\Documents\\3rd year\\SD\\find-loverz\\src\\AuthFiles\\Login.js","statementMap":{"0":{"start":{"line":13,"column":18},"end":{"line":13,"column":30}},"1":{"start":{"line":14,"column":52},"end":{"line":14,"column":67}},"2":{"start":{"line":15,"column":30},"end":{"line":15,"column":45}},"3":{"start":{"line":16,"column":35},"end":{"line":16,"column":67}},"4":{"start":{"line":17,"column":25},"end":{"line":17,"column":77}},"5":{"start":{"line":20,"column":22},"end":{"line":47,"column":5}},"6":{"start":{"line":22,"column":8},"end":{"line":46,"column":9}},"7":{"start":{"line":23,"column":27},"end":{"line":23,"column":53}},"8":{"start":{"line":24,"column":12},"end":{"line":42,"column":13}},"9":{"start":{"line":26,"column":33},"end":{"line":26,"column":35}},"10":{"start":{"line":27,"column":16},"end":{"line":30,"column":20}},"11":{"start":{"line":27,"column":51},"end":{"line":30,"column":18}},"12":{"start":{"line":31,"column":37},"end":{"line":31,"column":60}},"13":{"start":{"line":33,"column":16},"end":{"line":33,"column":52}},"14":{"start":{"line":34,"column":16},"end":{"line":34,"column":38}},"15":{"start":{"line":35,"column":16},"end":{"line":35,"column":38}},"16":{"start":{"line":37,"column":17},"end":{"line":42,"column":13}},"17":{"start":{"line":39,"column":16},"end":{"line":39,"column":42}},"18":{"start":{"line":40,"column":16},"end":{"line":40,"column":30}},"19":{"start":{"line":45,"column":12},"end":{"line":45,"column":27}},"20":{"start":{"line":51,"column":4},"end":{"line":51,"column":43}},"21":{"start":{"line":51,"column":21},"end":{"line":51,"column":43}},"22":{"start":{"line":53,"column":4},"end":{"line":121,"column":5}},"23":{"start":{"line":68,"column":20},"end":{"line":68,"column":40}},"24":{"start":{"line":69,"column":20},"end":{"line":69,"column":38}},"25":{"start":{"line":74,"column":28},"end":{"line":115,"column":34}},"26":{"start":{"line":124,"column":22},"end":{"line":129,"column":1}}},"fnMap":{"0":{"name":"Login","decl":{"start":{"line":12,"column":9},"end":{"line":12,"column":14}},"loc":{"start":{"line":12,"column":34},"end":{"line":123,"column":1}},"line":12},"1":{"name":"(anonymous_1)","decl":{"start":{"line":20,"column":22},"end":{"line":20,"column":23}},"loc":{"start":{"line":20,"column":40},"end":{"line":47,"column":5}},"line":20},"2":{"name":"(anonymous_2)","decl":{"start":{"line":27,"column":44},"end":{"line":27,"column":45}},"loc":{"start":{"line":27,"column":51},"end":{"line":30,"column":18}},"line":27},"3":{"name":"(anonymous_3)","decl":{"start":{"line":67,"column":30},"end":{"line":67,"column":31}},"loc":{"start":{"line":67,"column":51},"end":{"line":70,"column":21}},"line":67},"4":{"name":"(anonymous_4)","decl":{"start":{"line":73,"column":24},"end":{"line":73,"column":25}},"loc":{"start":{"line":74,"column":28},"end":{"line":115,"column":34}},"line":74}},"branchMap":{"0":{"loc":{"start":{"line":24,"column":12},"end":{"line":42,"column":13}},"type":"if","locations":[{"start":{"line":24,"column":12},"end":{"line":42,"column":13}},{"start":{"line":24,"column":12},"end":{"line":42,"column":13}}],"line":24},"1":{"loc":{"start":{"line":37,"column":17},"end":{"line":42,"column":13}},"type":"if","locations":[{"start":{"line":37,"column":17},"end":{"line":42,"column":13}},{"start":{"line":37,"column":17},"end":{"line":42,"column":13}}],"line":37},"2":{"loc":{"start":{"line":37,"column":20},"end":{"line":37,"column":85}},"type":"binary-expr","locations":[{"start":{"line":37,"column":20},"end":{"line":37,"column":55}},{"start":{"line":37,"column":59},"end":{"line":37,"column":85}}],"line":37},"3":{"loc":{"start":{"line":51,"column":4},"end":{"line":51,"column":43}},"type":"if","locations":[{"start":{"line":51,"column":4},"end":{"line":51,"column":43}},{"start":{"line":51,"column":4},"end":{"line":51,"column":43}}],"line":51},"4":{"loc":{"start":{"line":92,"column":37},"end":{"line":92,"column":78}},"type":"binary-expr","locations":[{"start":{"line":92,"column":37},"end":{"line":92,"column":56}},{"start":{"line":92,"column":60},"end":{"line":92,"column":78}}],"line":92},"5":{"loc":{"start":{"line":108,"column":37},"end":{"line":108,"column":84}},"type":"binary-expr","locations":[{"start":{"line":108,"column":37},"end":{"line":108,"column":59}},{"start":{"line":108,"column":63},"end":{"line":108,"column":84}}],"line":108},"6":{"loc":{"start":{"line":109,"column":37},"end":{"line":109,"column":79}},"type":"binary-expr","locations":[{"start":{"line":109,"column":37},"end":{"line":109,"column":53}},{"start":{"line":109,"column":57},"end":{"line":109,"column":79}}],"line":109},"7":{"loc":{"start":{"line":110,"column":37},"end":{"line":110,"column":58}},"type":"binary-expr","locations":[{"start":{"line":110,"column":37},"end":{"line":110,"column":42}},{"start":{"line":110,"column":46},"end":{"line":110,"column":58}}],"line":110}},"s":{"0":4,"1":4,"2":4,"3":4,"4":4,"5":4,"6":0,"7":0,"8":0,"9":0,"10":0,"11":0,"12":0,"13":0,"14":0,"15":0,"16":0,"17":0,"18":0,"19":0,"20":4,"21":0,"22":4,"23":0,"24":0,"25":8,"26":2},"f":{"0":4,"1":0,"2":0,"3":0,"4":8},"b":{"0":[0,0],"1":[0,0],"2":[0,0],"3":[0,4],"4":[8,4],"5":[8,4],"6":[8,0],"7":[8,0]},"_coverageSchema":"1a1c01bbd47fc00a2c39e90264f33305004495a9","hash":"34b8ebcfda22c86e236376072fa8dae321a2f701"}
,"C:\\Users\\Vuyo\\Documents\\3rd year\\SD\\find-loverz\\src\\AuthFiles\\Registration.js": {"path":"C:\\Users\\Vuyo\\Documents\\3rd year\\SD\\find-loverz\\src\\AuthFiles\\Registration.js","statementMap":{"0":{"start":{"line":12,"column":16},"end":{"line":12,"column":28}},"1":{"start":{"line":13,"column":21},"end":{"line":13,"column":77}},"2":{"start":{"line":14,"column":34},"end":{"line":14,"column":44}},"3":{"start":{"line":15,"column":34},"end":{"line":15,"column":44}},"4":{"start":{"line":16,"column":32},"end":{"line":16,"column":42}},"5":{"start":{"line":17,"column":26},"end":{"line":17,"column":36}},"6":{"start":{"line":18,"column":30},"end":{"line":18,"column":40}},"7":{"start":{"line":19,"column":36},"end":{"line":19,"column":46}},"8":{"start":{"line":20,"column":33},"end":{"line":20,"column":43}},"9":{"start":{"line":21,"column":35},"end":{"line":21,"column":45}},"10":{"start":{"line":22,"column":35},"end":{"line":22,"column":45}},"11":{"start":{"line":23,"column":35},"end":{"line":23,"column":45}},"12":{"start":{"line":24,"column":35},"end":{"line":24,"column":45}},"13":{"start":{"line":25,"column":35},"end":{"line":25,"column":45}},"14":{"start":{"line":26,"column":26},"end":{"line":26,"column":40}},"15":{"start":{"line":28,"column":30},"end":{"line":32,"column":4}},"16":{"start":{"line":34,"column":26},"end":{"line":34,"column":36}},"17":{"start":{"line":35,"column":33},"end":{"line":35,"column":45}},"18":{"start":{"line":36,"column":15},"end":{"line":36,"column":19}},"19":{"start":{"line":37,"column":23},"end":{"line":37,"column":25}},"20":{"start":{"line":38,"column":25},"end":{"line":38,"column":27}},"21":{"start":{"line":40,"column":16},"end":{"line":40,"column":26}},"22":{"start":{"line":41,"column":20},"end":{"line":41,"column":40}},"23":{"start":{"line":42,"column":14},"end":{"line":42,"column":59}},"24":{"start":{"line":43,"column":12},"end":{"line":43,"column":51}},"25":{"start":{"line":44,"column":4},"end":{"line":47,"column":5}},"26":{"start":{"line":46,"column":8},"end":{"line":46,"column":14}},"27":{"start":{"line":48,"column":4},"end":{"line":48,"column":15}},"28":{"start":{"line":54,"column":24},"end":{"line":58,"column":3}},"29":{"start":{"line":55,"column":16},"end":{"line":55,"column":30}},"30":{"start":{"line":56,"column":16},"end":{"line":56,"column":30}},"31":{"start":{"line":57,"column":4},"end":{"line":57,"column":57}},"32":{"start":{"line":60,"column":22},"end":{"line":71,"column":3}},"33":{"start":{"line":61,"column":16},"end":{"line":61,"column":73}},"34":{"start":{"line":62,"column":17},"end":{"line":62,"column":74}},"35":{"start":{"line":63,"column":18},"end":{"line":63,"column":36}},"36":{"start":{"line":64,"column":16},"end":{"line":64,"column":19}},"37":{"start":{"line":65,"column":4},"end":{"line":69,"column":5}},"38":{"start":{"line":65,"column":16},"end":{"line":65,"column":17}},"39":{"start":{"line":66,"column":22},"end":{"line":67,"column":32}},"40":{"start":{"line":68,"column":7},"end":{"line":68,"column":30}},"41":{"start":{"line":70,"column":4},"end":{"line":70,"column":17}},"42":{"start":{"line":74,"column":4},"end":{"line":74,"column":76}},"43":{"start":{"line":77,"column":4},"end":{"line":113,"column":5}},"44":{"start":{"line":78,"column":6},"end":{"line":110,"column":9}},"45":{"start":{"line":79,"column":8},"end":{"line":109,"column":10}},"46":{"start":{"line":80,"column":10},"end":{"line":80,"column":38}},"47":{"start":{"line":81,"column":23},"end":{"line":81,"column":57}},"48":{"start":{"line":84,"column":10},"end":{"line":99,"column":11}},"49":{"start":{"line":85,"column":12},"end":{"line":85,"column":68}},"50":{"start":{"line":86,"column":12},"end":{"line":86,"column":73}},"51":{"start":{"line":88,"column":30},"end":{"line":88,"column":63}},"52":{"start":{"line":89,"column":12},"end":{"line":89,"column":50}},"53":{"start":{"line":90,"column":12},"end":{"line":90,"column":52}},"54":{"start":{"line":94,"column":15},"end":{"line":99,"column":11}},"55":{"start":{"line":95,"column":12},"end":{"line":95,"column":43}},"56":{"start":{"line":96,"column":12},"end":{"line":96,"column":82}},"57":{"start":{"line":97,"column":12},"end":{"line":97,"column":68}},"58":{"start":{"line":98,"column":12},"end":{"line":98,"column":73}},"59":{"start":{"line":101,"column":10},"end":{"line":101,"column":38}},"60":{"start":{"line":103,"column":10},"end":{"line":103,"column":40}},"61":{"start":{"line":104,"column":10},"end":{"line":104,"column":43}},"62":{"start":{"line":105,"column":10},"end":{"line":105,"column":43}},"63":{"start":{"line":106,"column":10},"end":{"line":106,"column":43}},"64":{"start":{"line":107,"column":10},"end":{"line":107,"column":43}},"65":{"start":{"line":108,"column":10},"end":{"line":108,"column":43}},"66":{"start":{"line":112,"column":6},"end":{"line":112,"column":21}},"67":{"start":{"line":117,"column":4},"end":{"line":117,"column":75}},"68":{"start":{"line":121,"column":14},"end":{"line":121,"column":87}},"69":{"start":{"line":122,"column":4},"end":{"line":122,"column":17}},"70":{"start":{"line":126,"column":22},"end":{"line":140,"column":3}},"71":{"start":{"line":127,"column":4},"end":{"line":139,"column":5}},"72":{"start":{"line":128,"column":25},"end":{"line":128,"column":39}},"73":{"start":{"line":129,"column":8},"end":{"line":129,"column":39}},"74":{"start":{"line":130,"column":8},"end":{"line":130,"column":53}},"75":{"start":{"line":132,"column":21},"end":{"line":135,"column":10}},"76":{"start":{"line":136,"column":8},"end":{"line":138,"column":11}},"77":{"start":{"line":137,"column":12},"end":{"line":137,"column":60}},"78":{"start":{"line":144,"column":23},"end":{"line":238,"column":3}},"79":{"start":{"line":145,"column":4},"end":{"line":237,"column":22}},"80":{"start":{"line":146,"column":6},"end":{"line":146,"column":25}},"81":{"start":{"line":147,"column":22},"end":{"line":147,"column":34}},"82":{"start":{"line":149,"column":6},"end":{"line":149,"column":27}},"83":{"start":{"line":150,"column":27},"end":{"line":150,"column":46}},"84":{"start":{"line":151,"column":6},"end":{"line":151,"column":32}},"85":{"start":{"line":152,"column":6},"end":{"line":152,"column":29}},"86":{"start":{"line":153,"column":6},"end":{"line":235,"column":7}},"87":{"start":{"line":154,"column":8},"end":{"line":154,"column":24}},"88":{"start":{"line":156,"column":8},"end":{"line":224,"column":9}},"89":{"start":{"line":157,"column":8},"end":{"line":216,"column":9}},"90":{"start":{"line":159,"column":10},"end":{"line":166,"column":9}},"91":{"start":{"line":160,"column":12},"end":{"line":164,"column":14}},"92":{"start":{"line":165,"column":12},"end":{"line":165,"column":18}},"93":{"start":{"line":168,"column":8},"end":{"line":176,"column":9}},"94":{"start":{"line":169,"column":10},"end":{"line":173,"column":12}},"95":{"start":{"line":175,"column":10},"end":{"line":175,"column":16}},"96":{"start":{"line":178,"column":10},"end":{"line":178,"column":35}},"97":{"start":{"line":179,"column":21},"end":{"line":179,"column":48}},"98":{"start":{"line":180,"column":10},"end":{"line":180,"column":50}},"99":{"start":{"line":182,"column":25},"end":{"line":214,"column":12}},"100":{"start":{"line":186,"column":25},"end":{"line":186,"column":41}},"101":{"start":{"line":187,"column":12},"end":{"line":187,"column":29}},"102":{"start":{"line":188,"column":12},"end":{"line":195,"column":13}},"103":{"start":{"line":189,"column":14},"end":{"line":193,"column":16}},"104":{"start":{"line":194,"column":14},"end":{"line":194,"column":20}},"105":{"start":{"line":199,"column":25},"end":{"line":199,"column":82}},"106":{"start":{"line":200,"column":24},"end":{"line":200,"column":240}},"107":{"start":{"line":201,"column":12},"end":{"line":213,"column":13}},"108":{"start":{"line":202,"column":14},"end":{"line":202,"column":47}},"109":{"start":{"line":203,"column":31},"end":{"line":203,"column":33}},"110":{"start":{"line":204,"column":14},"end":{"line":207,"column":18}},"111":{"start":{"line":204,"column":47},"end":{"line":207,"column":16}},"112":{"start":{"line":208,"column":35},"end":{"line":208,"column":58}},"113":{"start":{"line":210,"column":14},"end":{"line":210,"column":50}},"114":{"start":{"line":211,"column":14},"end":{"line":211,"column":36}},"115":{"start":{"line":212,"column":14},"end":{"line":212,"column":36}},"116":{"start":{"line":219,"column":10},"end":{"line":223,"column":12}},"117":{"start":{"line":230,"column":8},"end":{"line":234,"column":10}},"118":{"start":{"line":240,"column":2},"end":{"line":507,"column":4}},"119":{"start":{"line":247,"column":17},"end":{"line":255,"column":5}},"120":{"start":{"line":261,"column":46},"end":{"line":261,"column":73}},"121":{"start":{"line":273,"column":32},"end":{"line":273,"column":52}},"122":{"start":{"line":274,"column":29},"end":{"line":274,"column":113}},"123":{"start":{"line":284,"column":29},"end":{"line":284,"column":56}},"124":{"start":{"line":299,"column":29},"end":{"line":299,"column":56}},"125":{"start":{"line":312,"column":29},"end":{"line":312,"column":55}},"126":{"start":{"line":324,"column":27},"end":{"line":324,"column":50}},"127":{"start":{"line":330,"column":47},"end":{"line":330,"column":72}},"128":{"start":{"line":348,"column":50},"end":{"line":348,"column":78}},"129":{"start":{"line":373,"column":29},"end":{"line":373,"column":56}}},"fnMap":{"0":{"name":"Registration","decl":{"start":{"line":11,"column":9},"end":{"line":11,"column":21}},"loc":{"start":{"line":11,"column":35},"end":{"line":509,"column":1}},"line":11},"1":{"name":"getAge","decl":{"start":{"line":39,"column":11},"end":{"line":39,"column":17}},"loc":{"start":{"line":39,"column":29},"end":{"line":51,"column":1}},"line":39},"2":{"name":"(anonymous_2)","decl":{"start":{"line":54,"column":24},"end":{"line":54,"column":25}},"loc":{"start":{"line":54,"column":34},"end":{"line":58,"column":3}},"line":54},"3":{"name":"(anonymous_3)","decl":{"start":{"line":60,"column":22},"end":{"line":60,"column":23}},"loc":{"start":{"line":60,"column":51},"end":{"line":71,"column":3}},"line":60},"4":{"name":"interestsDisplay","decl":{"start":{"line":73,"column":11},"end":{"line":73,"column":27}},"loc":{"start":{"line":73,"column":30},"end":{"line":114,"column":3}},"line":73},"5":{"name":"(anonymous_5)","decl":{"start":{"line":78,"column":61},"end":{"line":78,"column":62}},"loc":{"start":{"line":78,"column":69},"end":{"line":110,"column":7}},"line":78},"6":{"name":"(anonymous_6)","decl":{"start":{"line":79,"column":39},"end":{"line":79,"column":40}},"loc":{"start":{"line":79,"column":48},"end":{"line":109,"column":9}},"line":79},"7":{"name":"interestsClose","decl":{"start":{"line":116,"column":11},"end":{"line":116,"column":25}},"loc":{"start":{"line":116,"column":28},"end":{"line":118,"column":3}},"line":116},"8":{"name":"getDateString","decl":{"start":{"line":119,"column":11},"end":{"line":119,"column":24}},"loc":{"start":{"line":119,"column":30},"end":{"line":124,"column":3}},"line":119},"9":{"name":"(anonymous_9)","decl":{"start":{"line":126,"column":22},"end":{"line":126,"column":23}},"loc":{"start":{"line":126,"column":42},"end":{"line":140,"column":3}},"line":126},"10":{"name":"(anonymous_10)","decl":{"start":{"line":136,"column":31},"end":{"line":136,"column":32}},"loc":{"start":{"line":136,"column":45},"end":{"line":138,"column":9}},"line":136},"11":{"name":"(anonymous_11)","decl":{"start":{"line":144,"column":23},"end":{"line":144,"column":24}},"loc":{"start":{"line":144,"column":44},"end":{"line":238,"column":3}},"line":144},"12":{"name":"(anonymous_12)","decl":{"start":{"line":185,"column":17},"end":{"line":185,"column":18}},"loc":{"start":{"line":185,"column":31},"end":{"line":214,"column":11}},"line":185},"13":{"name":"(anonymous_13)","decl":{"start":{"line":204,"column":40},"end":{"line":204,"column":41}},"loc":{"start":{"line":204,"column":47},"end":{"line":207,"column":16}},"line":204},"14":{"name":"(anonymous_14)","decl":{"start":{"line":247,"column":11},"end":{"line":247,"column":12}},"loc":{"start":{"line":247,"column":17},"end":{"line":255,"column":5}},"line":247},"15":{"name":"(anonymous_15)","decl":{"start":{"line":261,"column":39},"end":{"line":261,"column":40}},"loc":{"start":{"line":261,"column":46},"end":{"line":261,"column":73}},"line":261},"16":{"name":"(anonymous_16)","decl":{"start":{"line":273,"column":17},"end":{"line":273,"column":18}},"loc":{"start":{"line":273,"column":32},"end":{"line":273,"column":52}},"line":273},"17":{"name":"(anonymous_17)","decl":{"start":{"line":274,"column":22},"end":{"line":274,"column":23}},"loc":{"start":{"line":274,"column":29},"end":{"line":274,"column":113}},"line":274},"18":{"name":"(anonymous_18)","decl":{"start":{"line":284,"column":22},"end":{"line":284,"column":23}},"loc":{"start":{"line":284,"column":29},"end":{"line":284,"column":56}},"line":284},"19":{"name":"(anonymous_19)","decl":{"start":{"line":299,"column":22},"end":{"line":299,"column":23}},"loc":{"start":{"line":299,"column":29},"end":{"line":299,"column":56}},"line":299},"20":{"name":"(anonymous_20)","decl":{"start":{"line":312,"column":22},"end":{"line":312,"column":23}},"loc":{"start":{"line":312,"column":29},"end":{"line":312,"column":55}},"line":312},"21":{"name":"(anonymous_21)","decl":{"start":{"line":324,"column":20},"end":{"line":324,"column":21}},"loc":{"start":{"line":324,"column":27},"end":{"line":324,"column":50}},"line":324},"22":{"name":"(anonymous_22)","decl":{"start":{"line":330,"column":40},"end":{"line":330,"column":41}},"loc":{"start":{"line":330,"column":47},"end":{"line":330,"column":72}},"line":330},"23":{"name":"(anonymous_23)","decl":{"start":{"line":348,"column":43},"end":{"line":348,"column":44}},"loc":{"start":{"line":348,"column":50},"end":{"line":348,"column":78}},"line":348},"24":{"name":"(anonymous_24)","decl":{"start":{"line":373,"column":22},"end":{"line":373,"column":23}},"loc":{"start":{"line":373,"column":29},"end":{"line":373,"column":56}},"line":373}},"branchMap":{"0":{"loc":{"start":{"line":44,"column":4},"end":{"line":47,"column":5}},"type":"if","locations":[{"start":{"line":44,"column":4},"end":{"line":47,"column":5}},{"start":{"line":44,"column":4},"end":{"line":47,"column":5}}],"line":44},"1":{"loc":{"start":{"line":44,"column":8},"end":{"line":44,"column":67}},"type":"binary-expr","locations":[{"start":{"line":44,"column":8},"end":{"line":44,"column":13}},{"start":{"line":44,"column":18},"end":{"line":44,"column":25}},{"start":{"line":44,"column":29},"end":{"line":44,"column":66}}],"line":44},"2":{"loc":{"start":{"line":65,"column":19},"end":{"line":65,"column":56}},"type":"binary-expr","locations":[{"start":{"line":65,"column":19},"end":{"line":65,"column":35}},{"start":{"line":65,"column":39},"end":{"line":65,"column":56}}],"line":65},"3":{"loc":{"start":{"line":77,"column":4},"end":{"line":113,"column":5}},"type":"if","locations":[{"start":{"line":77,"column":4},"end":{"line":113,"column":5}},{"start":{"line":77,"column":4},"end":{"line":113,"column":5}}],"line":77},"4":{"loc":{"start":{"line":84,"column":10},"end":{"line":99,"column":11}},"type":"if","locations":[{"start":{"line":84,"column":10},"end":{"line":99,"column":11}},{"start":{"line":84,"column":10},"end":{"line":99,"column":11}}],"line":84},"5":{"loc":{"start":{"line":94,"column":15},"end":{"line":99,"column":11}},"type":"if","locations":[{"start":{"line":94,"column":15},"end":{"line":99,"column":11}},{"start":{"line":94,"column":15},"end":{"line":99,"column":11}}],"line":94},"6":{"loc":{"start":{"line":153,"column":6},"end":{"line":235,"column":7}},"type":"if","locations":[{"start":{"line":153,"column":6},"end":{"line":235,"column":7}},{"start":{"line":153,"column":6},"end":{"line":235,"column":7}}],"line":153},"7":{"loc":{"start":{"line":156,"column":8},"end":{"line":224,"column":9}},"type":"if","locations":[{"start":{"line":156,"column":8},"end":{"line":224,"column":9}},{"start":{"line":156,"column":8},"end":{"line":224,"column":9}}],"line":156},"8":{"loc":{"start":{"line":157,"column":8},"end":{"line":216,"column":9}},"type":"if","locations":[{"start":{"line":157,"column":8},"end":{"line":216,"column":9}},{"start":{"line":157,"column":8},"end":{"line":216,"column":9}}],"line":157},"9":{"loc":{"start":{"line":157,"column":12},"end":{"line":157,"column":52}},"type":"binary-expr","locations":[{"start":{"line":157,"column":12},"end":{"line":157,"column":20}},{"start":{"line":157,"column":24},"end":{"line":157,"column":31}},{"start":{"line":157,"column":35},"end":{"line":157,"column":43}},{"start":{"line":157,"column":48},"end":{"line":157,"column":52}}],"line":157},"10":{"loc":{"start":{"line":159,"column":10},"end":{"line":166,"column":9}},"type":"if","locations":[{"start":{"line":159,"column":10},"end":{"line":166,"column":9}},{"start":{"line":159,"column":10},"end":{"line":166,"column":9}}],"line":159},"11":{"loc":{"start":{"line":159,"column":13},"end":{"line":159,"column":79}},"type":"binary-expr","locations":[{"start":{"line":159,"column":13},"end":{"line":159,"column":23}},{"start":{"line":159,"column":27},"end":{"line":159,"column":37}},{"start":{"line":159,"column":41},"end":{"line":159,"column":51}},{"start":{"line":159,"column":55},"end":{"line":159,"column":65}},{"start":{"line":159,"column":69},"end":{"line":159,"column":79}}],"line":159},"12":{"loc":{"start":{"line":168,"column":8},"end":{"line":176,"column":9}},"type":"if","locations":[{"start":{"line":168,"column":8},"end":{"line":176,"column":9}},{"start":{"line":168,"column":8},"end":{"line":176,"column":9}}],"line":168},"13":{"loc":{"start":{"line":168,"column":11},"end":{"line":168,"column":32}},"type":"binary-expr","locations":[{"start":{"line":168,"column":11},"end":{"line":168,"column":18}},{"start":{"line":168,"column":22},"end":{"line":168,"column":32}}],"line":168},"14":{"loc":{"start":{"line":188,"column":12},"end":{"line":195,"column":13}},"type":"if","locations":[{"start":{"line":188,"column":12},"end":{"line":195,"column":13}},{"start":{"line":188,"column":12},"end":{"line":195,"column":13}}],"line":188},"15":{"loc":{"start":{"line":201,"column":12},"end":{"line":213,"column":13}},"type":"if","locations":[{"start":{"line":201,"column":12},"end":{"line":213,"column":13}},{"start":{"line":201,"column":12},"end":{"line":213,"column":13}}],"line":201}},"s":{"0":0,"1":0,"2":0,"3":0,"4":0,"5":0,"6":0,"7":0,"8":0,"9":0,"10":0,"11":0,"12":0,"13":0,"14":0,"15":0,"16":0,"17":0,"18":0,"19":0,"20":0,"21":0,"22":0,"23":0,"24":0,"25":0,"26":0,"27":0,"28":0,"29":0,"30":0,"31":0,"32":0,"33":0,"34":0,"35":0,"36":0,"37":0,"38":0,"39":0,"40":0,"41":0,"42":0,"43":0,"44":0,"45":0,"46":0,"47":0,"48":0,"49":0,"50":0,"51":0,"52":0,"53":0,"54":0,"55":0,"56":0,"57":0,"58":0,"59":0,"60":0,"61":0,"62":0,"63":0,"64":0,"65":0,"66":0,"67":0,"68":0,"69":0,"70":0,"71":0,"72":0,"73":0,"74":0,"75":0,"76":0,"77":0,"78":0,"79":0,"80":0,"81":0,"82":0,"83":0,"84":0,"85":0,"86":0,"87":0,"88":0,"89":0,"90":0,"91":0,"92":0,"93":0,"94":0,"95":0,"96":0,"97":0,"98":0,"99":0,"100":0,"101":0,"102":0,"103":0,"104":0,"105":0,"106":0,"107":0,"108":0,"109":0,"110":0,"111":0,"112":0,"113":0,"114":0,"115":0,"116":0,"117":0,"118":0,"119":0,"120":0,"121":0,"122":0,"123":0,"124":0,"125":0,"126":0,"127":0,"128":0,"129":0},"f":{"0":0,"1":0,"2":0,"3":0,"4":0,"5":0,"6":0,"7":0,"8":0,"9":0,"10":0,"11":0,"12":0,"13":0,"14":0,"15":0,"16":0,"17":0,"18":0,"19":0,"20":0,"21":0,"22":0,"23":0,"24":0},"b":{"0":[0,0],"1":[0,0,0],"2":[0,0],"3":[0,0],"4":[0,0],"5":[0,0],"6":[0,0],"7":[0,0],"8":[0,0],"9":[0,0,0,0],"10":[0,0],"11":[0,0,0,0,0],"12":[0,0],"13":[0,0],"14":[0,0],"15":[0,0]},"_coverageSchema":"1a1c01bbd47fc00a2c39e90264f33305004495a9","hash":"5066324014ea3e29069a30887007a05d3b74ebff"}
,"C:\\Users\\Vuyo\\Documents\\3rd year\\SD\\find-loverz\\src\\AuthFiles\\UserValidation.js": {"path":"C:\\Users\\Vuyo\\Documents\\3rd year\\SD\\find-loverz\\src\\AuthFiles\\UserValidation.js","statementMap":{"0":{"start":{"line":4,"column":29},"end":{"line":10,"column":2}}},"fnMap":{},"branchMap":{},"s":{"0":2},"f":{},"b":{},"_coverageSchema":"1a1c01bbd47fc00a2c39e90264f33305004495a9","hash":"3a7772956350daa185434de31eeefed3cd0f01ca"}
,"C:\\Users\\Vuyo\\Documents\\3rd year\\SD\\find-loverz\\src\\BackendRequests\\Authentication.js": {"path":"C:\\Users\\Vuyo\\Documents\\3rd year\\SD\\find-loverz\\src\\BackendRequests\\Authentication.js","statementMap":{"0":{"start":{"line":2,"column":28},"end":{"line":17,"column":1}},"1":{"start":{"line":3,"column":17},"end":{"line":6,"column":6}},"2":{"start":{"line":7,"column":4},"end":{"line":10,"column":5}},"3":{"start":{"line":8,"column":21},"end":{"line":8,"column":38}},"4":{"start":{"line":9,"column":8},"end":{"line":9,"column":20}},"5":{"start":{"line":11,"column":4},"end":{"line":14,"column":5}},"6":{"start":{"line":12,"column":21},"end":{"line":12,"column":38}},"7":{"start":{"line":13,"column":8},"end":{"line":13,"column":20}},"8":{"start":{"line":15,"column":4},"end":{"line":15,"column":25}},"9":{"start":{"line":16,"column":4},"end":{"line":16,"column":73}}},"fnMap":{"0":{"name":"(anonymous_0)","decl":{"start":{"line":2,"column":28},"end":{"line":2,"column":29}},"loc":{"start":{"line":2,"column":44},"end":{"line":17,"column":1}},"line":2}},"branchMap":{"0":{"loc":{"start":{"line":7,"column":4},"end":{"line":10,"column":5}},"type":"if","locations":[{"start":{"line":7,"column":4},"end":{"line":10,"column":5}},{"start":{"line":7,"column":4},"end":{"line":10,"column":5}}],"line":7},"1":{"loc":{"start":{"line":11,"column":4},"end":{"line":14,"column":5}},"type":"if","locations":[{"start":{"line":11,"column":4},"end":{"line":14,"column":5}},{"start":{"line":11,"column":4},"end":{"line":14,"column":5}}],"line":11}},"s":{"0":2,"1":0,"2":0,"3":0,"4":0,"5":0,"6":0,"7":0,"8":0,"9":0},"f":{"0":0},"b":{"0":[0,0],"1":[0,0]},"_coverageSchema":"1a1c01bbd47fc00a2c39e90264f33305004495a9","hash":"bc1b43a30e6e83971c77703f68a2d532d6bd63c7"}
,"C:\\Users\\Vuyo\\Documents\\3rd year\\SD\\find-loverz\\src\\BackendRequests\\Matches.js": {"path":"C:\\Users\\Vuyo\\Documents\\3rd year\\SD\\find-loverz\\src\\BackendRequests\\Matches.js","statementMap":{"0":{"start":{"line":2,"column":28},"end":{"line":17,"column":1}},"1":{"start":{"line":3,"column":17},"end":{"line":6,"column":6}},"2":{"start":{"line":7,"column":4},"end":{"line":10,"column":5}},"3":{"start":{"line":8,"column":21},"end":{"line":8,"column":38}},"4":{"start":{"line":9,"column":8},"end":{"line":9,"column":20}},"5":{"start":{"line":11,"column":4},"end":{"line":14,"column":5}},"6":{"start":{"line":12,"column":21},"end":{"line":12,"column":38}},"7":{"start":{"line":13,"column":8},"end":{"line":13,"column":20}},"8":{"start":{"line":15,"column":4},"end":{"line":15,"column":25}},"9":{"start":{"line":16,"column":4},"end":{"line":16,"column":73}}},"fnMap":{"0":{"name":"(anonymous_0)","decl":{"start":{"line":2,"column":28},"end":{"line":2,"column":29}},"loc":{"start":{"line":2,"column":44},"end":{"line":17,"column":1}},"line":2}},"branchMap":{"0":{"loc":{"start":{"line":7,"column":4},"end":{"line":10,"column":5}},"type":"if","locations":[{"start":{"line":7,"column":4},"end":{"line":10,"column":5}},{"start":{"line":7,"column":4},"end":{"line":10,"column":5}}],"line":7},"1":{"loc":{"start":{"line":11,"column":4},"end":{"line":14,"column":5}},"type":"if","locations":[{"start":{"line":11,"column":4},"end":{"line":14,"column":5}},{"start":{"line":11,"column":4},"end":{"line":14,"column":5}}],"line":11}},"s":{"0":3,"1":0,"2":0,"3":0,"4":0,"5":0,"6":0,"7":0,"8":0,"9":0},"f":{"0":0},"b":{"0":[0,0],"1":[0,0]},"_coverageSchema":"1a1c01bbd47fc00a2c39e90264f33305004495a9","hash":"8306972e88488230b7b214985cc3b1b51ae59b6e"}
,"C:\\Users\\Vuyo\\Documents\\3rd year\\SD\\find-loverz\\src\\HelperClasses\\LoginChecker.js": {"path":"C:\\Users\\Vuyo\\Documents\\3rd year\\SD\\find-loverz\\src\\HelperClasses\\LoginChecker.js","statementMap":{"0":{"start":{"line":4,"column":17},"end":{"line":4,"column":39}},"1":{"start":{"line":5,"column":4},"end":{"line":7,"column":5}},"2":{"start":{"line":6,"column":8},"end":{"line":6,"column":20}},"3":{"start":{"line":8,"column":4},"end":{"line":8,"column":17}}},"fnMap":{"0":{"name":"isLoggedIn","decl":{"start":{"line":3,"column":24},"end":{"line":3,"column":34}},"loc":{"start":{"line":3,"column":37},"end":{"line":9,"column":1}},"line":3}},"branchMap":{"0":{"loc":{"start":{"line":5,"column":4},"end":{"line":7,"column":5}},"type":"if","locations":[{"start":{"line":5,"column":4},"end":{"line":7,"column":5}},{"start":{"line":5,"column":4},"end":{"line":7,"column":5}}],"line":5}},"s":{"0":5,"1":5,"2":0,"3":5},"f":{"0":5},"b":{"0":[0,5]},"_coverageSchema":"1a1c01bbd47fc00a2c39e90264f33305004495a9","hash":"618b728016afeab825468083fb37eeafe302363e"}
,"C:\\Users\\Vuyo\\Documents\\3rd year\\SD\\find-loverz\\src\\HelperClasses\\StorageHandler.js": {"path":"C:\\Users\\Vuyo\\Documents\\3rd year\\SD\\find-loverz\\src\\HelperClasses\\StorageHandler.js","statementMap":{"0":{"start":{"line":3,"column":29},"end":{"line":6,"column":1}},"1":{"start":{"line":4,"column":33},"end":{"line":4,"column":58}},"2":{"start":{"line":5,"column":4},"end":{"line":5,"column":52}},"3":{"start":{"line":8,"column":30},"end":{"line":11,"column":1}},"4":{"start":{"line":9,"column":19},"end":{"line":9,"column":56}},"5":{"start":{"line":10,"column":4},"end":{"line":10,"column":18}},"6":{"start":{"line":13,"column":33},"end":{"line":15,"column":1}},"7":{"start":{"line":14,"column":4},"end":{"line":14,"column":33}}},"fnMap":{"0":{"name":"(anonymous_0)","decl":{"start":{"line":3,"column":29},"end":{"line":3,"column":30}},"loc":{"start":{"line":3,"column":49},"end":{"line":6,"column":1}},"line":3},"1":{"name":"(anonymous_1)","decl":{"start":{"line":8,"column":30},"end":{"line":8,"column":31}},"loc":{"start":{"line":8,"column":39},"end":{"line":11,"column":1}},"line":8},"2":{"name":"(anonymous_2)","decl":{"start":{"line":13,"column":33},"end":{"line":13,"column":34}},"loc":{"start":{"line":13,"column":42},"end":{"line":15,"column":1}},"line":13}},"branchMap":{},"s":{"0":5,"1":0,"2":0,"3":5,"4":11,"5":11,"6":5,"7":0},"f":{"0":0,"1":11,"2":0},"b":{},"_coverageSchema":"1a1c01bbd47fc00a2c39e90264f33305004495a9","hash":"fcb0ac6ef4085321555b366d6e34f5c448f89dda"}
,"C:\\Users\\Vuyo\\Documents\\3rd year\\SD\\find-loverz\\src\\HomePageFiles\\Chat.js": {"path":"C:\\Users\\Vuyo\\Documents\\3rd year\\SD\\find-loverz\\src\\HomePageFiles\\Chat.js","statementMap":{"0":{"start":{"line":12,"column":18},"end":{"line":12,"column":26}},"1":{"start":{"line":13,"column":21},"end":{"line":13,"column":34}},"2":{"start":{"line":14,"column":36},"end":{"line":14,"column":48}},"3":{"start":{"line":15,"column":28},"end":{"line":15,"column":40}},"4":{"start":{"line":18,"column":27},"end":{"line":20,"column":5}},"5":{"start":{"line":19,"column":8},"end":{"line":19,"column":61}},"6":{"start":{"line":22,"column":24},"end":{"line":50,"column":5}},"7":{"start":{"line":23,"column":18},"end":{"line":23,"column":28}},"8":{"start":{"line":24,"column":33},"end":{"line":24,"column":74}},"9":{"start":{"line":27,"column":8},"end":{"line":36,"column":11}},"10":{"start":{"line":38,"column":8},"end":{"line":47,"column":11}},"11":{"start":{"line":48,"column":8},"end":{"line":48,"column":20}},"12":{"start":{"line":49,"column":8},"end":{"line":49,"column":61}},"13":{"start":{"line":52,"column":25},"end":{"line":54,"column":5}},"14":{"start":{"line":53,"column":8},"end":{"line":53,"column":32}},"15":{"start":{"line":57,"column":4},"end":{"line":68,"column":20}},"16":{"start":{"line":58,"column":8},"end":{"line":67,"column":9}},"17":{"start":{"line":59,"column":12},"end":{"line":65,"column":15}},"18":{"start":{"line":60,"column":34},"end":{"line":60,"column":36}},"19":{"start":{"line":61,"column":16},"end":{"line":63,"column":19}},"20":{"start":{"line":62,"column":20},"end":{"line":62,"column":49}},"21":{"start":{"line":64,"column":16},"end":{"line":64,"column":41}},"22":{"start":{"line":66,"column":12},"end":{"line":66,"column":29}},"23":{"start":{"line":80,"column":4},"end":{"line":93,"column":5}},"24":{"start":{"line":81,"column":8},"end":{"line":92,"column":9}},"25":{"start":{"line":95,"column":4},"end":{"line":141,"column":5}},"26":{"start":{"line":121,"column":36},"end":{"line":123,"column":38}}},"fnMap":{"0":{"name":"Chat","decl":{"start":{"line":10,"column":9},"end":{"line":10,"column":13}},"loc":{"start":{"line":10,"column":70},"end":{"line":142,"column":1}},"line":10},"1":{"name":"(anonymous_1)","decl":{"start":{"line":18,"column":27},"end":{"line":18,"column":28}},"loc":{"start":{"line":18,"column":33},"end":{"line":20,"column":5}},"line":18},"2":{"name":"(anonymous_2)","decl":{"start":{"line":22,"column":24},"end":{"line":22,"column":25}},"loc":{"start":{"line":22,"column":30},"end":{"line":50,"column":5}},"line":22},"3":{"name":"(anonymous_3)","decl":{"start":{"line":34,"column":16},"end":{"line":34,"column":17}},"loc":{"start":{"line":34,"column":22},"end":{"line":36,"column":9}},"line":34},"4":{"name":"(anonymous_4)","decl":{"start":{"line":45,"column":16},"end":{"line":45,"column":17}},"loc":{"start":{"line":45,"column":22},"end":{"line":47,"column":9}},"line":45},"5":{"name":"(anonymous_5)","decl":{"start":{"line":52,"column":25},"end":{"line":52,"column":26}},"loc":{"start":{"line":52,"column":32},"end":{"line":54,"column":5}},"line":52},"6":{"name":"(anonymous_6)","decl":{"start":{"line":57,"column":14},"end":{"line":57,"column":15}},"loc":{"start":{"line":57,"column":20},"end":{"line":68,"column":5}},"line":57},"7":{"name":"(anonymous_7)","decl":{"start":{"line":59,"column":67},"end":{"line":59,"column":68}},"loc":{"start":{"line":59,"column":79},"end":{"line":65,"column":13}},"line":59},"8":{"name":"(anonymous_8)","decl":{"start":{"line":61,"column":33},"end":{"line":61,"column":34}},"loc":{"start":{"line":61,"column":41},"end":{"line":63,"column":17}},"line":61},"9":{"name":"(anonymous_9)","decl":{"start":{"line":120,"column":57},"end":{"line":120,"column":58}},"loc":{"start":{"line":120,"column":66},"end":{"line":124,"column":33}},"line":120}},"branchMap":{"0":{"loc":{"start":{"line":58,"column":8},"end":{"line":67,"column":9}},"type":"if","locations":[{"start":{"line":58,"column":8},"end":{"line":67,"column":9}},{"start":{"line":58,"column":8},"end":{"line":67,"column":9}}],"line":58},"1":{"loc":{"start":{"line":58,"column":11},"end":{"line":58,"column":31}},"type":"binary-expr","locations":[{"start":{"line":58,"column":11},"end":{"line":58,"column":20}},{"start":{"line":58,"column":24},"end":{"line":58,"column":31}}],"line":58},"2":{"loc":{"start":{"line":80,"column":4},"end":{"line":93,"column":5}},"type":"if","locations":[{"start":{"line":80,"column":4},"end":{"line":93,"column":5}},{"start":{"line":80,"column":4},"end":{"line":93,"column":5}}],"line":80},"3":{"loc":{"start":{"line":98,"column":16},"end":{"line":99,"column":86}},"type":"binary-expr","locations":[{"start":{"line":98,"column":16},"end":{"line":98,"column":23}},{"start":{"line":99,"column":16},"end":{"line":99,"column":86}}],"line":98},"4":{"loc":{"start":{"line":120,"column":32},"end":{"line":124,"column":34}},"type":"binary-expr","locations":[{"start":{"line":120,"column":32},"end":{"line":120,"column":40}},{"start":{"line":120,"column":44},"end":{"line":124,"column":34}}],"line":120}},"s":{"0":2,"1":2,"2":2,"3":2,"4":2,"5":0,"6":2,"7":0,"8":0,"9":0,"10":0,"11":0,"12":0,"13":2,"14":0,"15":2,"16":2,"17":0,"18":0,"19":0,"20":0,"21":0,"22":0,"23":2,"24":1,"25":1,"26":0},"f":{"0":2,"1":0,"2":0,"3":0,"4":0,"5":0,"6":2,"7":0,"8":0,"9":0},"b":{"0":[0,2],"1":[2,1],"2":[1,1],"3":[1,0],"4":[1,1]},"_coverageSchema":"1a1c01bbd47fc00a2c39e90264f33305004495a9","hash":"8bb1c352214f6ee0567a46fb318714266f303819"}
,"C:\\Users\\Vuyo\\Documents\\3rd year\\SD\\find-loverz\\src\\HomePageFiles\\ChatWindow.js": {"path":"C:\\Users\\Vuyo\\Documents\\3rd year\\SD\\find-loverz\\src\\HomePageFiles\\ChatWindow.js","statementMap":{"0":{"start":{"line":8,"column":21},"end":{"line":8,"column":34}},"1":{"start":{"line":9,"column":58},"end":{"line":9,"column":79}},"2":{"start":{"line":10,"column":36},"end":{"line":13,"column":6}},"3":{"start":{"line":19,"column":4},"end":{"line":53,"column":5}}},"fnMap":{"0":{"name":"Chat","decl":{"start":{"line":7,"column":9},"end":{"line":7,"column":13}},"loc":{"start":{"line":7,"column":24},"end":{"line":54,"column":1}},"line":7}},"branchMap":{},"s":{"0":0,"1":0,"2":0,"3":0},"f":{"0":0},"b":{},"_coverageSchema":"1a1c01bbd47fc00a2c39e90264f33305004495a9","hash":"017c3cafa72636f15c1d95f2e6349a6c5c4df9c7"}
,"C:\\Users\\Vuyo\\Documents\\3rd year\\SD\\find-loverz\\src\\HomePageFiles\\EditProfile.js": {"path":"C:\\Users\\Vuyo\\Documents\\3rd year\\SD\\find-loverz\\src\\HomePageFiles\\EditProfile.js","statementMap":{"0":{"start":{"line":11,"column":20},"end":{"line":532,"column":1}},"1":{"start":{"line":16,"column":25},"end":{"line":16,"column":37}},"2":{"start":{"line":17,"column":23},"end":{"line":17,"column":35}},"3":{"start":{"line":18,"column":33},"end":{"line":18,"column":45}},"4":{"start":{"line":19,"column":28},"end":{"line":19,"column":42}},"5":{"start":{"line":20,"column":23},"end":{"line":20,"column":79}},"6":{"start":{"line":23,"column":37},"end":{"line":23,"column":49}},"7":{"start":{"line":24,"column":37},"end":{"line":24,"column":49}},"8":{"start":{"line":25,"column":37},"end":{"line":25,"column":49}},"9":{"start":{"line":26,"column":37},"end":{"line":26,"column":49}},"10":{"start":{"line":27,"column":37},"end":{"line":27,"column":49}},"11":{"start":{"line":28,"column":17},"end":{"line":28,"column":21}},"12":{"start":{"line":29,"column":25},"end":{"line":29,"column":27}},"13":{"start":{"line":30,"column":27},"end":{"line":30,"column":29}},"14":{"start":{"line":32,"column":18},"end":{"line":32,"column":30}},"15":{"start":{"line":33,"column":15},"end":{"line":33,"column":19}},"16":{"start":{"line":35,"column":34},"end":{"line":35,"column":54}},"17":{"start":{"line":36,"column":26},"end":{"line":56,"column":7}},"18":{"start":{"line":37,"column":6},"end":{"line":37,"column":23}},"19":{"start":{"line":38,"column":6},"end":{"line":38,"column":25}},"20":{"start":{"line":39,"column":6},"end":{"line":53,"column":7}},"21":{"start":{"line":40,"column":23},"end":{"line":42,"column":9}},"22":{"start":{"line":45,"column":21},"end":{"line":45,"column":40}},"23":{"start":{"line":46,"column":8},"end":{"line":46,"column":38}},"24":{"start":{"line":50,"column":10},"end":{"line":50,"column":24}},"25":{"start":{"line":58,"column":4},"end":{"line":61,"column":13}},"26":{"start":{"line":60,"column":8},"end":{"line":60,"column":24}},"27":{"start":{"line":64,"column":4},"end":{"line":72,"column":5}},"28":{"start":{"line":65,"column":8},"end":{"line":71,"column":9}},"29":{"start":{"line":66,"column":12},"end":{"line":66,"column":24}},"30":{"start":{"line":67,"column":12},"end":{"line":67,"column":29}},"31":{"start":{"line":70,"column":12},"end":{"line":70,"column":26}},"32":{"start":{"line":75,"column":25},"end":{"line":79,"column":5}},"33":{"start":{"line":76,"column":8},"end":{"line":76,"column":34}},"34":{"start":{"line":77,"column":8},"end":{"line":77,"column":22}},"35":{"start":{"line":78,"column":8},"end":{"line":78,"column":26}},"36":{"start":{"line":82,"column":24},"end":{"line":86,"column":3}},"37":{"start":{"line":83,"column":16},"end":{"line":83,"column":30}},"38":{"start":{"line":84,"column":16},"end":{"line":84,"column":30}},"39":{"start":{"line":85,"column":4},"end":{"line":85,"column":57}},"40":{"start":{"line":88,"column":22},"end":{"line":99,"column":3}},"41":{"start":{"line":89,"column":16},"end":{"line":89,"column":73}},"42":{"start":{"line":90,"column":17},"end":{"line":90,"column":74}},"43":{"start":{"line":91,"column":18},"end":{"line":91,"column":36}},"44":{"start":{"line":92,"column":16},"end":{"line":92,"column":19}},"45":{"start":{"line":93,"column":4},"end":{"line":97,"column":5}},"46":{"start":{"line":93,"column":16},"end":{"line":93,"column":17}},"47":{"start":{"line":94,"column":22},"end":{"line":95,"column":32}},"48":{"start":{"line":96,"column":7},"end":{"line":96,"column":30}},"49":{"start":{"line":98,"column":4},"end":{"line":98,"column":17}},"50":{"start":{"line":102,"column":8},"end":{"line":102,"column":80}},"51":{"start":{"line":105,"column":8},"end":{"line":141,"column":9}},"52":{"start":{"line":106,"column":10},"end":{"line":138,"column":13}},"53":{"start":{"line":107,"column":12},"end":{"line":137,"column":14}},"54":{"start":{"line":108,"column":14},"end":{"line":108,"column":42}},"55":{"start":{"line":109,"column":27},"end":{"line":109,"column":61}},"56":{"start":{"line":112,"column":14},"end":{"line":127,"column":15}},"57":{"start":{"line":113,"column":16},"end":{"line":113,"column":72}},"58":{"start":{"line":114,"column":16},"end":{"line":114,"column":77}},"59":{"start":{"line":116,"column":34},"end":{"line":116,"column":67}},"60":{"start":{"line":117,"column":16},"end":{"line":117,"column":54}},"61":{"start":{"line":118,"column":16},"end":{"line":118,"column":56}},"62":{"start":{"line":122,"column":19},"end":{"line":127,"column":15}},"63":{"start":{"line":123,"column":16},"end":{"line":123,"column":47}},"64":{"start":{"line":124,"column":16},"end":{"line":124,"column":86}},"65":{"start":{"line":125,"column":16},"end":{"line":125,"column":72}},"66":{"start":{"line":126,"column":16},"end":{"line":126,"column":77}},"67":{"start":{"line":129,"column":14},"end":{"line":129,"column":42}},"68":{"start":{"line":131,"column":14},"end":{"line":131,"column":44}},"69":{"start":{"line":132,"column":14},"end":{"line":132,"column":47}},"70":{"start":{"line":133,"column":14},"end":{"line":133,"column":47}},"71":{"start":{"line":134,"column":14},"end":{"line":134,"column":47}},"72":{"start":{"line":135,"column":14},"end":{"line":135,"column":47}},"73":{"start":{"line":136,"column":14},"end":{"line":136,"column":47}},"74":{"start":{"line":140,"column":10},"end":{"line":140,"column":25}},"75":{"start":{"line":145,"column":8},"end":{"line":145,"column":79}},"76":{"start":{"line":148,"column":26},"end":{"line":162,"column":7}},"77":{"start":{"line":149,"column":8},"end":{"line":161,"column":9}},"78":{"start":{"line":150,"column":29},"end":{"line":150,"column":43}},"79":{"start":{"line":151,"column":12},"end":{"line":151,"column":43}},"80":{"start":{"line":152,"column":12},"end":{"line":152,"column":57}},"81":{"start":{"line":154,"column":25},"end":{"line":157,"column":14}},"82":{"start":{"line":158,"column":12},"end":{"line":160,"column":15}},"83":{"start":{"line":159,"column":16},"end":{"line":159,"column":64}},"84":{"start":{"line":165,"column":25},"end":{"line":302,"column":5}},"85":{"start":{"line":167,"column":6},"end":{"line":197,"column":7}},"86":{"start":{"line":168,"column":8},"end":{"line":168,"column":33}},"87":{"start":{"line":169,"column":19},"end":{"line":169,"column":46}},"88":{"start":{"line":170,"column":8},"end":{"line":170,"column":48}},"89":{"start":{"line":172,"column":8},"end":{"line":194,"column":9}},"90":{"start":{"line":174,"column":10},"end":{"line":189,"column":15}},"91":{"start":{"line":183,"column":14},"end":{"line":183,"column":36}},"92":{"start":{"line":184,"column":14},"end":{"line":184,"column":33}},"93":{"start":{"line":187,"column":12},"end":{"line":187,"column":31}},"94":{"start":{"line":188,"column":12},"end":{"line":188,"column":46}},"95":{"start":{"line":191,"column":12},"end":{"line":191,"column":41}},"96":{"start":{"line":201,"column":27},"end":{"line":201,"column":46}},"97":{"start":{"line":203,"column":8},"end":{"line":222,"column":9}},"98":{"start":{"line":204,"column":13},"end":{"line":219,"column":19}},"99":{"start":{"line":213,"column":18},"end":{"line":213,"column":40}},"100":{"start":{"line":217,"column":16},"end":{"line":217,"column":35}},"101":{"start":{"line":218,"column":16},"end":{"line":218,"column":50}},"102":{"start":{"line":220,"column":16},"end":{"line":220,"column":36}},"103":{"start":{"line":223,"column":8},"end":{"line":245,"column":9}},"104":{"start":{"line":226,"column":16},"end":{"line":242,"column":23}},"105":{"start":{"line":235,"column":22},"end":{"line":235,"column":44}},"106":{"start":{"line":237,"column":22},"end":{"line":237,"column":41}},"107":{"start":{"line":240,"column":20},"end":{"line":240,"column":39}},"108":{"start":{"line":241,"column":20},"end":{"line":241,"column":54}},"109":{"start":{"line":243,"column":20},"end":{"line":243,"column":38}},"110":{"start":{"line":246,"column":8},"end":{"line":267,"column":9}},"111":{"start":{"line":249,"column":16},"end":{"line":264,"column":23}},"112":{"start":{"line":258,"column":22},"end":{"line":258,"column":44}},"113":{"start":{"line":262,"column":20},"end":{"line":262,"column":39}},"114":{"start":{"line":263,"column":20},"end":{"line":263,"column":54}},"115":{"start":{"line":265,"column":20},"end":{"line":265,"column":48}},"116":{"start":{"line":269,"column":8},"end":{"line":293,"column":9}},"117":{"start":{"line":272,"column":13},"end":{"line":292,"column":20}},"118":{"start":{"line":285,"column":19},"end":{"line":285,"column":41}},"119":{"start":{"line":286,"column":19},"end":{"line":286,"column":38}},"120":{"start":{"line":290,"column":17},"end":{"line":290,"column":36}},"121":{"start":{"line":291,"column":17},"end":{"line":291,"column":51}},"122":{"start":{"line":294,"column":8},"end":{"line":299,"column":9}},"123":{"start":{"line":295,"column":10},"end":{"line":295,"column":16}},"124":{"start":{"line":298,"column":10},"end":{"line":298,"column":38}},"125":{"start":{"line":305,"column":4},"end":{"line":305,"column":26}},"126":{"start":{"line":307,"column":4},"end":{"line":531,"column":6}},"127":{"start":{"line":340,"column":50},"end":{"line":340,"column":70}},"128":{"start":{"line":341,"column":47},"end":{"line":341,"column":131}},"129":{"start":{"line":353,"column":47},"end":{"line":353,"column":70}},"130":{"start":{"line":362,"column":47},"end":{"line":362,"column":74}},"131":{"start":{"line":374,"column":51},"end":{"line":374,"column":73}},"132":{"start":{"line":394,"column":116},"end":{"line":394,"column":140}}},"fnMap":{"0":{"name":"(anonymous_0)","decl":{"start":{"line":11,"column":20},"end":{"line":11,"column":21}},"loc":{"start":{"line":11,"column":43},"end":{"line":532,"column":1}},"line":11},"1":{"name":"(anonymous_1)","decl":{"start":{"line":36,"column":26},"end":{"line":36,"column":27}},"loc":{"start":{"line":36,"column":38},"end":{"line":56,"column":7}},"line":36},"2":{"name":"(anonymous_2)","decl":{"start":{"line":58,"column":14},"end":{"line":58,"column":15}},"loc":{"start":{"line":58,"column":18},"end":{"line":61,"column":9}},"line":58},"3":{"name":"(anonymous_3)","decl":{"start":{"line":75,"column":25},"end":{"line":75,"column":26}},"loc":{"start":{"line":75,"column":31},"end":{"line":79,"column":5}},"line":75},"4":{"name":"(anonymous_4)","decl":{"start":{"line":82,"column":24},"end":{"line":82,"column":25}},"loc":{"start":{"line":82,"column":34},"end":{"line":86,"column":3}},"line":82},"5":{"name":"(anonymous_5)","decl":{"start":{"line":88,"column":22},"end":{"line":88,"column":23}},"loc":{"start":{"line":88,"column":51},"end":{"line":99,"column":3}},"line":88},"6":{"name":"interestsDisplay","decl":{"start":{"line":101,"column":13},"end":{"line":101,"column":29}},"loc":{"start":{"line":101,"column":32},"end":{"line":142,"column":7}},"line":101},"7":{"name":"(anonymous_7)","decl":{"start":{"line":106,"column":65},"end":{"line":106,"column":66}},"loc":{"start":{"line":106,"column":73},"end":{"line":138,"column":11}},"line":106},"8":{"name":"(anonymous_8)","decl":{"start":{"line":107,"column":43},"end":{"line":107,"column":44}},"loc":{"start":{"line":107,"column":52},"end":{"line":137,"column":13}},"line":107},"9":{"name":"interestsClose","decl":{"start":{"line":144,"column":15},"end":{"line":144,"column":29}},"loc":{"start":{"line":144,"column":32},"end":{"line":146,"column":7}},"line":144},"10":{"name":"(anonymous_10)","decl":{"start":{"line":148,"column":26},"end":{"line":148,"column":27}},"loc":{"start":{"line":148,"column":46},"end":{"line":162,"column":7}},"line":148},"11":{"name":"(anonymous_11)","decl":{"start":{"line":158,"column":35},"end":{"line":158,"column":36}},"loc":{"start":{"line":158,"column":49},"end":{"line":160,"column":13}},"line":158},"12":{"name":"(anonymous_12)","decl":{"start":{"line":165,"column":25},"end":{"line":165,"column":26}},"loc":{"start":{"line":165,"column":43},"end":{"line":302,"column":5}},"line":165},"13":{"name":"(anonymous_13)","decl":{"start":{"line":182,"column":19},"end":{"line":182,"column":20}},"loc":{"start":{"line":182,"column":38},"end":{"line":185,"column":13}},"line":182},"14":{"name":"(anonymous_14)","decl":{"start":{"line":186,"column":19},"end":{"line":186,"column":20}},"loc":{"start":{"line":186,"column":36},"end":{"line":189,"column":13}},"line":186},"15":{"name":"(anonymous_15)","decl":{"start":{"line":212,"column":23},"end":{"line":212,"column":24}},"loc":{"start":{"line":212,"column":42},"end":{"line":215,"column":17}},"line":212},"16":{"name":"(anonymous_16)","decl":{"start":{"line":216,"column":23},"end":{"line":216,"column":24}},"loc":{"start":{"line":216,"column":40},"end":{"line":219,"column":17}},"line":216},"17":{"name":"(anonymous_17)","decl":{"start":{"line":234,"column":27},"end":{"line":234,"column":28}},"loc":{"start":{"line":234,"column":46},"end":{"line":238,"column":21}},"line":234},"18":{"name":"(anonymous_18)","decl":{"start":{"line":239,"column":27},"end":{"line":239,"column":28}},"loc":{"start":{"line":239,"column":44},"end":{"line":242,"column":21}},"line":239},"19":{"name":"(anonymous_19)","decl":{"start":{"line":257,"column":27},"end":{"line":257,"column":28}},"loc":{"start":{"line":257,"column":46},"end":{"line":260,"column":21}},"line":257},"20":{"name":"(anonymous_20)","decl":{"start":{"line":261,"column":27},"end":{"line":261,"column":28}},"loc":{"start":{"line":261,"column":44},"end":{"line":264,"column":21}},"line":261},"21":{"name":"(anonymous_21)","decl":{"start":{"line":284,"column":24},"end":{"line":284,"column":25}},"loc":{"start":{"line":284,"column":43},"end":{"line":288,"column":18}},"line":284},"22":{"name":"(anonymous_22)","decl":{"start":{"line":289,"column":24},"end":{"line":289,"column":25}},"loc":{"start":{"line":289,"column":41},"end":{"line":292,"column":18}},"line":289},"23":{"name":"(anonymous_23)","decl":{"start":{"line":340,"column":35},"end":{"line":340,"column":36}},"loc":{"start":{"line":340,"column":50},"end":{"line":340,"column":70}},"line":340},"24":{"name":"(anonymous_24)","decl":{"start":{"line":341,"column":40},"end":{"line":341,"column":41}},"loc":{"start":{"line":341,"column":47},"end":{"line":341,"column":131}},"line":341},"25":{"name":"(anonymous_25)","decl":{"start":{"line":353,"column":42},"end":{"line":353,"column":43}},"loc":{"start":{"line":353,"column":47},"end":{"line":353,"column":70}},"line":353},"26":{"name":"(anonymous_26)","decl":{"start":{"line":362,"column":42},"end":{"line":362,"column":43}},"loc":{"start":{"line":362,"column":47},"end":{"line":362,"column":74}},"line":362},"27":{"name":"(anonymous_27)","decl":{"start":{"line":374,"column":46},"end":{"line":374,"column":47}},"loc":{"start":{"line":374,"column":51},"end":{"line":374,"column":73}},"line":374},"28":{"name":"(anonymous_28)","decl":{"start":{"line":394,"column":110},"end":{"line":394,"column":111}},"loc":{"start":{"line":394,"column":116},"end":{"line":394,"column":140}},"line":394}},"branchMap":{"0":{"loc":{"start":{"line":64,"column":4},"end":{"line":72,"column":5}},"type":"if","locations":[{"start":{"line":64,"column":4},"end":{"line":72,"column":5}},{"start":{"line":64,"column":4},"end":{"line":72,"column":5}}],"line":64},"1":{"loc":{"start":{"line":93,"column":19},"end":{"line":93,"column":56}},"type":"binary-expr","locations":[{"start":{"line":93,"column":19},"end":{"line":93,"column":35}},{"start":{"line":93,"column":39},"end":{"line":93,"column":56}}],"line":93},"2":{"loc":{"start":{"line":105,"column":8},"end":{"line":141,"column":9}},"type":"if","locations":[{"start":{"line":105,"column":8},"end":{"line":141,"column":9}},{"start":{"line":105,"column":8},"end":{"line":141,"column":9}}],"line":105},"3":{"loc":{"start":{"line":112,"column":14},"end":{"line":127,"column":15}},"type":"if","locations":[{"start":{"line":112,"column":14},"end":{"line":127,"column":15}},{"start":{"line":112,"column":14},"end":{"line":127,"column":15}}],"line":112},"4":{"loc":{"start":{"line":122,"column":19},"end":{"line":127,"column":15}},"type":"if","locations":[{"start":{"line":122,"column":19},"end":{"line":127,"column":15}},{"start":{"line":122,"column":19},"end":{"line":127,"column":15}}],"line":122},"5":{"loc":{"start":{"line":167,"column":6},"end":{"line":197,"column":7}},"type":"if","locations":[{"start":{"line":167,"column":6},"end":{"line":197,"column":7}},{"start":{"line":167,"column":6},"end":{"line":197,"column":7}}],"line":167},"6":{"loc":{"start":{"line":172,"column":8},"end":{"line":194,"column":9}},"type":"if","locations":[{"start":{"line":172,"column":8},"end":{"line":194,"column":9}},{"start":{"line":172,"column":8},"end":{"line":194,"column":9}}],"line":172},"7":{"loc":{"start":{"line":172,"column":11},"end":{"line":172,"column":41}},"type":"binary-expr","locations":[{"start":{"line":172,"column":11},"end":{"line":172,"column":21}},{"start":{"line":172,"column":25},"end":{"line":172,"column":41}}],"line":172},"8":{"loc":{"start":{"line":203,"column":8},"end":{"line":222,"column":9}},"type":"if","locations":[{"start":{"line":203,"column":8},"end":{"line":222,"column":9}},{"start":{"line":203,"column":8},"end":{"line":222,"column":9}}],"line":203},"9":{"loc":{"start":{"line":203,"column":12},"end":{"line":203,"column":48}},"type":"binary-expr","locations":[{"start":{"line":203,"column":12},"end":{"line":203,"column":28}},{"start":{"line":203,"column":32},"end":{"line":203,"column":48}}],"line":203},"10":{"loc":{"start":{"line":223,"column":8},"end":{"line":245,"column":9}},"type":"if","locations":[{"start":{"line":223,"column":8},"end":{"line":245,"column":9}},{"start":{"line":223,"column":8},"end":{"line":245,"column":9}}],"line":223},"11":{"loc":{"start":{"line":223,"column":12},"end":{"line":223,"column":47}},"type":"binary-expr","locations":[{"start":{"line":223,"column":12},"end":{"line":223,"column":28}},{"start":{"line":223,"column":32},"end":{"line":223,"column":47}}],"line":223},"12":{"loc":{"start":{"line":246,"column":8},"end":{"line":267,"column":9}},"type":"if","locations":[{"start":{"line":246,"column":8},"end":{"line":267,"column":9}},{"start":{"line":246,"column":8},"end":{"line":267,"column":9}}],"line":246},"13":{"loc":{"start":{"line":246,"column":12},"end":{"line":246,"column":52}},"type":"binary-expr","locations":[{"start":{"line":246,"column":12},"end":{"line":246,"column":28}},{"start":{"line":246,"column":32},"end":{"line":246,"column":52}}],"line":246},"14":{"loc":{"start":{"line":269,"column":8},"end":{"line":293,"column":9}},"type":"if","locations":[{"start":{"line":269,"column":8},"end":{"line":293,"column":9}},{"start":{"line":269,"column":8},"end":{"line":293,"column":9}}],"line":269},"15":{"loc":{"start":{"line":269,"column":11},"end":{"line":269,"column":72}},"type":"binary-expr","locations":[{"start":{"line":269,"column":11},"end":{"line":269,"column":20}},{"start":{"line":269,"column":24},"end":{"line":269,"column":33}},{"start":{"line":269,"column":37},"end":{"line":269,"column":46}},{"start":{"line":269,"column":50},"end":{"line":269,"column":59}},{"start":{"line":269,"column":63},"end":{"line":269,"column":72}}],"line":269},"16":{"loc":{"start":{"line":294,"column":8},"end":{"line":299,"column":9}},"type":"if","locations":[{"start":{"line":294,"column":8},"end":{"line":299,"column":9}},{"start":{"line":294,"column":8},"end":{"line":299,"column":9}}],"line":294},"17":{"loc":{"start":{"line":294,"column":11},"end":{"line":294,"column":76}},"type":"binary-expr","locations":[{"start":{"line":294,"column":11},"end":{"line":294,"column":29}},{"start":{"line":294,"column":33},"end":{"line":294,"column":50}},{"start":{"line":294,"column":54},"end":{"line":294,"column":76}}],"line":294},"18":{"loc":{"start":{"line":320,"column":72},"end":{"line":320,"column":121}},"type":"cond-expr","locations":[{"start":{"line":320,"column":87},"end":{"line":320,"column":96}},{"start":{"line":320,"column":98},"end":{"line":320,"column":121}}],"line":320},"19":{"loc":{"start":{"line":324,"column":49},"end":{"line":324,"column":99}},"type":"cond-expr","locations":[{"start":{"line":324,"column":64},"end":{"line":324,"column":73}},{"start":{"line":324,"column":75},"end":{"line":324,"column":99}}],"line":324},"20":{"loc":{"start":{"line":381,"column":144},"end":{"line":381,"column":197}},"type":"cond-expr","locations":[{"start":{"line":381,"column":167},"end":{"line":381,"column":176}},{"start":{"line":381,"column":178},"end":{"line":381,"column":197}}],"line":381},"21":{"loc":{"start":{"line":382,"column":123},"end":{"line":382,"column":176}},"type":"cond-expr","locations":[{"start":{"line":382,"column":146},"end":{"line":382,"column":155}},{"start":{"line":382,"column":157},"end":{"line":382,"column":176}}],"line":382},"22":{"loc":{"start":{"line":383,"column":123},"end":{"line":383,"column":176}},"type":"cond-expr","locations":[{"start":{"line":383,"column":146},"end":{"line":383,"column":155}},{"start":{"line":383,"column":157},"end":{"line":383,"column":176}}],"line":383},"23":{"loc":{"start":{"line":385,"column":122},"end":{"line":385,"column":175}},"type":"cond-expr","locations":[{"start":{"line":385,"column":145},"end":{"line":385,"column":154}},{"start":{"line":385,"column":156},"end":{"line":385,"column":175}}],"line":385},"24":{"loc":{"start":{"line":386,"column":72},"end":{"line":386,"column":125}},"type":"cond-expr","locations":[{"start":{"line":386,"column":95},"end":{"line":386,"column":104}},{"start":{"line":386,"column":106},"end":{"line":386,"column":125}}],"line":386}},"s":{"0":2,"1":15,"2":15,"3":15,"4":15,"5":15,"6":15,"7":15,"8":15,"9":15,"10":15,"11":15,"12":15,"13":15,"14":15,"15":15,"16":15,"17":15,"18":3,"19":3,"20":3,"21":3,"22":0,"23":0,"24":3,"25":15,"26":3,"27":15,"28":15,"29":15,"30":15,"31":0,"32":15,"33":0,"34":0,"35":0,"36":15,"37":0,"38":0,"39":0,"40":15,"41":0,"42":0,"43":0,"44":0,"45":0,"46":0,"47":0,"48":0,"49":0,"50":0,"51":0,"52":0,"53":0,"54":0,"55":0,"56":0,"57":0,"58":0,"59":0,"60":0,"61":0,"62":0,"63":0,"64":0,"65":0,"66":0,"67":0,"68":0,"69":0,"70":0,"71":0,"72":0,"73":0,"74":0,"75":0,"76":15,"77":2,"78":0,"79":0,"80":0,"81":0,"82":0,"83":0,"84":15,"85":2,"86":2,"87":2,"88":2,"89":2,"90":0,"91":0,"92":0,"93":0,"94":0,"95":0,"96":2,"97":2,"98":1,"99":0,"100":0,"101":0,"102":0,"103":1,"104":0,"105":0,"106":0,"107":0,"108":0,"109":0,"110":1,"111":0,"112":0,"113":0,"114":0,"115":0,"116":1,"117":0,"118":0,"119":0,"120":0,"121":0,"122":1,"123":1,"124":0,"125":15,"126":15,"127":18,"128":0,"129":1,"130":1,"131":1,"132":2},"f":{"0":15,"1":3,"2":3,"3":0,"4":0,"5":0,"6":0,"7":0,"8":0,"9":0,"10":2,"11":0,"12":2,"13":0,"14":0,"15":0,"16":0,"17":0,"18":0,"19":0,"20":0,"21":0,"22":0,"23":18,"24":0,"25":1,"26":1,"27":1,"28":2},"b":{"0":[15,0],"1":[0,0],"2":[0,0],"3":[0,0],"4":[0,0],"5":[2,0],"6":[0,2],"7":[2,0],"8":[1,1],"9":[2,2],"10":[0,1],"11":[1,1],"12":[0,1],"13":[1,1],"14":[0,1],"15":[1,0,0,0,0],"16":[1,0],"17":[1,0,0],"18":[0,15],"19":[0,15],"20":[15,0],"21":[15,0],"22":[15,0],"23":[15,0],"24":[15,0]},"_coverageSchema":"1a1c01bbd47fc00a2c39e90264f33305004495a9","hash":"6684807a498a1ef66997dac5370b5c821625b5b2"}
,"C:\\Users\\Vuyo\\Documents\\3rd year\\SD\\find-loverz\\src\\HomePageFiles\\Feed.js": {"path":"C:\\Users\\Vuyo\\Documents\\3rd year\\SD\\find-loverz\\src\\HomePageFiles\\Feed.js","statementMap":{"0":{"start":{"line":13,"column":18},"end":{"line":13,"column":30}},"1":{"start":{"line":14,"column":4},"end":{"line":14,"column":22}},"2":{"start":{"line":16,"column":4},"end":{"line":36,"column":5}},"3":{"start":{"line":17,"column":8},"end":{"line":17,"column":26}},"4":{"start":{"line":18,"column":8},"end":{"line":18,"column":55}},"5":{"start":{"line":21,"column":9},"end":{"line":36,"column":5}},"6":{"start":{"line":21,"column":24},"end":{"line":21,"column":51}},"7":{"start":{"line":25,"column":8},"end":{"line":35,"column":9}}},"fnMap":{"0":{"name":"Feed","decl":{"start":{"line":12,"column":9},"end":{"line":12,"column":13}},"loc":{"start":{"line":12,"column":47},"end":{"line":38,"column":1}},"line":12}},"branchMap":{"0":{"loc":{"start":{"line":16,"column":4},"end":{"line":36,"column":5}},"type":"if","locations":[{"start":{"line":16,"column":4},"end":{"line":36,"column":5}},{"start":{"line":16,"column":4},"end":{"line":36,"column":5}}],"line":16},"1":{"loc":{"start":{"line":21,"column":9},"end":{"line":36,"column":5}},"type":"if","locations":[{"start":{"line":21,"column":9},"end":{"line":36,"column":5}},{"start":{"line":21,"column":9},"end":{"line":36,"column":5}}],"line":21}},"s":{"0":1,"1":1,"2":1,"3":1,"4":1,"5":0,"6":0,"7":0},"f":{"0":1},"b":{"0":[1,0],"1":[0,0]},"_coverageSchema":"1a1c01bbd47fc00a2c39e90264f33305004495a9","hash":"8dd54b9de80a2c68dbf0d6879fbc241ba85b8483"}
,"C:\\Users\\Vuyo\\Documents\\3rd year\\SD\\find-loverz\\src\\HomePageFiles\\FeedLeft.js": {"path":"C:\\Users\\Vuyo\\Documents\\3rd year\\SD\\find-loverz\\src\\HomePageFiles\\FeedLeft.js","statementMap":{"0":{"start":{"line":8,"column":18},"end":{"line":8,"column":30}},"1":{"start":{"line":9,"column":47},"end":{"line":9,"column":59}},"2":{"start":{"line":10,"column":30},"end":{"line":10,"column":45}},"3":{"start":{"line":12,"column":21},"end":{"line":17,"column":5}},"4":{"start":{"line":13,"column":8},"end":{"line":13,"column":56}},"5":{"start":{"line":14,"column":8},"end":{"line":14,"column":27}},"6":{"start":{"line":16,"column":8},"end":{"line":16,"column":30}},"7":{"start":{"line":19,"column":4},"end":{"line":41,"column":15}},"8":{"start":{"line":20,"column":28},"end":{"line":39,"column":9}},"9":{"start":{"line":21,"column":12},"end":{"line":37,"column":13}},"10":{"start":{"line":22,"column":28},"end":{"line":22,"column":64}},"11":{"start":{"line":23,"column":16},"end":{"line":33,"column":17}},"12":{"start":{"line":24,"column":20},"end":{"line":24,"column":40}},"13":{"start":{"line":25,"column":20},"end":{"line":25,"column":41}},"14":{"start":{"line":29,"column":20},"end":{"line":29,"column":42}},"15":{"start":{"line":30,"column":20},"end":{"line":30,"column":37}},"16":{"start":{"line":31,"column":20},"end":{"line":31,"column":43}},"17":{"start":{"line":36,"column":16},"end":{"line":36,"column":36}},"18":{"start":{"line":40,"column":8},"end":{"line":40,"column":22}},"19":{"start":{"line":45,"column":4},"end":{"line":45,"column":39}},"20":{"start":{"line":46,"column":4},"end":{"line":56,"column":5}},"21":{"start":{"line":47,"column":8},"end":{"line":47,"column":20}},"22":{"start":{"line":48,"column":8},"end":{"line":48,"column":28}},"23":{"start":{"line":52,"column":8},"end":{"line":52,"column":45}},"24":{"start":{"line":53,"column":8},"end":{"line":53,"column":29}},"25":{"start":{"line":54,"column":8},"end":{"line":54,"column":41}},"26":{"start":{"line":55,"column":8},"end":{"line":55,"column":37}},"27":{"start":{"line":62,"column":19},"end":{"line":62,"column":21}},"28":{"start":{"line":64,"column":8},"end":{"line":92,"column":9}},"29":{"start":{"line":64,"column":20},"end":{"line":64,"column":21}},"30":{"start":{"line":67,"column":12},"end":{"line":78,"column":13}},"31":{"start":{"line":68,"column":16},"end":{"line":68,"column":53}},"32":{"start":{"line":69,"column":16},"end":{"line":71,"column":17}},"33":{"start":{"line":70,"column":20},"end":{"line":70,"column":33}},"34":{"start":{"line":72,"column":16},"end":{"line":72,"column":41}},"35":{"start":{"line":73,"column":16},"end":{"line":75,"column":17}},"36":{"start":{"line":74,"column":20},"end":{"line":74,"column":50}},"37":{"start":{"line":77,"column":16},"end":{"line":77,"column":31}},"38":{"start":{"line":79,"column":12},"end":{"line":91,"column":13}},"39":{"start":{"line":80,"column":15},"end":{"line":87,"column":17}},"40":{"start":{"line":81,"column":39},"end":{"line":81,"column":94}},"41":{"start":{"line":90,"column":16},"end":{"line":90,"column":30}},"42":{"start":{"line":93,"column":8},"end":{"line":93,"column":20}},"43":{"start":{"line":98,"column":4},"end":{"line":110,"column":5}}},"fnMap":{"0":{"name":"FeedLeft","decl":{"start":{"line":7,"column":24},"end":{"line":7,"column":32}},"loc":{"start":{"line":7,"column":66},"end":{"line":111,"column":1}},"line":7},"1":{"name":"(anonymous_1)","decl":{"start":{"line":12,"column":21},"end":{"line":12,"column":22}},"loc":{"start":{"line":12,"column":38},"end":{"line":17,"column":5}},"line":12},"2":{"name":"(anonymous_2)","decl":{"start":{"line":19,"column":14},"end":{"line":19,"column":15}},"loc":{"start":{"line":19,"column":18},"end":{"line":41,"column":5}},"line":19},"3":{"name":"(anonymous_3)","decl":{"start":{"line":20,"column":28},"end":{"line":20,"column":29}},"loc":{"start":{"line":20,"column":38},"end":{"line":39,"column":9}},"line":20},"4":{"name":"showMatches","decl":{"start":{"line":60,"column":13},"end":{"line":60,"column":24}},"loc":{"start":{"line":60,"column":26},"end":{"line":95,"column":5}},"line":60},"5":{"name":"(anonymous_5)","decl":{"start":{"line":81,"column":33},"end":{"line":81,"column":34}},"loc":{"start":{"line":81,"column":39},"end":{"line":81,"column":94}},"line":81}},"branchMap":{"0":{"loc":{"start":{"line":23,"column":16},"end":{"line":33,"column":17}},"type":"if","locations":[{"start":{"line":23,"column":16},"end":{"line":33,"column":17}},{"start":{"line":23,"column":16},"end":{"line":33,"column":17}}],"line":23},"1":{"loc":{"start":{"line":46,"column":4},"end":{"line":56,"column":5}},"type":"if","locations":[{"start":{"line":46,"column":4},"end":{"line":56,"column":5}},{"start":{"line":46,"column":4},"end":{"line":56,"column":5}}],"line":46},"2":{"loc":{"start":{"line":69,"column":16},"end":{"line":71,"column":17}},"type":"if","locations":[{"start":{"line":69,"column":16},"end":{"line":71,"column":17}},{"start":{"line":69,"column":16},"end":{"line":71,"column":17}}],"line":69},"3":{"loc":{"start":{"line":73,"column":16},"end":{"line":75,"column":17}},"type":"if","locations":[{"start":{"line":73,"column":16},"end":{"line":75,"column":17}},{"start":{"line":73,"column":16},"end":{"line":75,"column":17}}],"line":73}},"s":{"0":2,"1":2,"2":2,"3":2,"4":0,"5":0,"6":0,"7":2,"8":1,"9":1,"10":1,"11":0,"12":0,"13":0,"14":0,"15":0,"16":0,"17":1,"18":1,"19":2,"20":2,"21":2,"22":2,"23":0,"24":0,"25":0,"26":0,"27":2,"28":2,"29":2,"30":0,"31":0,"32":0,"33":0,"34":0,"35":0,"36":0,"37":0,"38":0,"39":0,"40":0,"41":0,"42":2,"43":2},"f":{"0":2,"1":0,"2":1,"3":1,"4":2,"5":0},"b":{"0":[0,0],"1":[2,0],"2":[0,0],"3":[0,0]},"_coverageSchema":"1a1c01bbd47fc00a2c39e90264f33305004495a9","hash":"67ada10ae40b35e55308a574306fe5b7d4cf75f1"}
,"C:\\Users\\Vuyo\\Documents\\3rd year\\SD\\find-loverz\\src\\HomePageFiles\\FeedRight.js": {"path":"C:\\Users\\Vuyo\\Documents\\3rd year\\SD\\find-loverz\\src\\HomePageFiles\\FeedRight.js","statementMap":{"0":{"start":{"line":10,"column":27},"end":{"line":12,"column":3}},"1":{"start":{"line":13,"column":21},"end":{"line":22,"column":5}},"2":{"start":{"line":14,"column":19},"end":{"line":16,"column":5}},"3":{"start":{"line":17,"column":4},"end":{"line":17,"column":33}},"4":{"start":{"line":18,"column":17},"end":{"line":18,"column":36}},"5":{"start":{"line":19,"column":4},"end":{"line":19,"column":32}},"6":{"start":{"line":21,"column":4},"end":{"line":21,"column":34}},"7":{"start":{"line":23,"column":4},"end":{"line":26,"column":11}},"8":{"start":{"line":24,"column":6},"end":{"line":24,"column":19}},"9":{"start":{"line":32,"column":22},"end":{"line":38,"column":4}},"10":{"start":{"line":33,"column":5},"end":{"line":33,"column":23}},"11":{"start":{"line":34,"column":21},"end":{"line":36,"column":6}},"12":{"start":{"line":37,"column":4},"end":{"line":37,"column":17}},"13":{"start":{"line":41,"column":21},"end":{"line":47,"column":3}},"14":{"start":{"line":42,"column":4},"end":{"line":42,"column":22}},"15":{"start":{"line":43,"column":20},"end":{"line":45,"column":5}},"16":{"start":{"line":46,"column":3},"end":{"line":46,"column":16}},"17":{"start":{"line":49,"column":17},"end":{"line":49,"column":22}},"18":{"start":{"line":50,"column":15},"end":{"line":50,"column":16}},"19":{"start":{"line":51,"column":13},"end":{"line":51,"column":14}},"20":{"start":{"line":55,"column":14},"end":{"line":55,"column":15}},"21":{"start":{"line":58,"column":4},"end":{"line":58,"column":20}},"22":{"start":{"line":59,"column":4},"end":{"line":59,"column":27}},"23":{"start":{"line":63,"column":4},"end":{"line":65,"column":5}},"24":{"start":{"line":64,"column":6},"end":{"line":64,"column":13}},"25":{"start":{"line":69,"column":3},"end":{"line":69,"column":20}},"26":{"start":{"line":70,"column":3},"end":{"line":70,"column":24}},"27":{"start":{"line":71,"column":3},"end":{"line":71,"column":25}},"28":{"start":{"line":74,"column":3},"end":{"line":76,"column":4}},"29":{"start":{"line":75,"column":5},"end":{"line":75,"column":15}},"30":{"start":{"line":78,"column":3},"end":{"line":88,"column":3}},"31":{"start":{"line":79,"column":5},"end":{"line":79,"column":25}},"32":{"start":{"line":82,"column":8},"end":{"line":88,"column":3}},"33":{"start":{"line":83,"column":4},"end":{"line":83,"column":25}},"34":{"start":{"line":87,"column":4},"end":{"line":87,"column":27}},"35":{"start":{"line":90,"column":21},"end":{"line":90,"column":33}},"36":{"start":{"line":94,"column":13},"end":{"line":94,"column":15}},"37":{"start":{"line":95,"column":2},"end":{"line":172,"column":3}},"38":{"start":{"line":96,"column":4},"end":{"line":121,"column":5}},"39":{"start":{"line":96,"column":16},"end":{"line":96,"column":17}},"40":{"start":{"line":97,"column":24},"end":{"line":97,"column":32}},"41":{"start":{"line":98,"column":6},"end":{"line":120,"column":14}},"42":{"start":{"line":123,"column":7},"end":{"line":172,"column":3}},"43":{"start":{"line":124,"column":4},"end":{"line":146,"column":14}},"44":{"start":{"line":149,"column":4},"end":{"line":171,"column":14}},"45":{"start":{"line":173,"column":2},"end":{"line":173,"column":14}},"46":{"start":{"line":178,"column":2},"end":{"line":185,"column":4}}},"fnMap":{"0":{"name":"FeedRight","decl":{"start":{"line":6,"column":24},"end":{"line":6,"column":33}},"loc":{"start":{"line":6,"column":51},"end":{"line":186,"column":1}},"line":6},"1":{"name":"(anonymous_1)","decl":{"start":{"line":13,"column":21},"end":{"line":13,"column":22}},"loc":{"start":{"line":13,"column":33},"end":{"line":22,"column":5}},"line":13},"2":{"name":"(anonymous_2)","decl":{"start":{"line":23,"column":14},"end":{"line":23,"column":15}},"loc":{"start":{"line":23,"column":18},"end":{"line":26,"column":7}},"line":23},"3":{"name":"(anonymous_3)","decl":{"start":{"line":32,"column":22},"end":{"line":32,"column":23}},"loc":{"start":{"line":32,"column":33},"end":{"line":38,"column":4}},"line":32},"4":{"name":"(anonymous_4)","decl":{"start":{"line":41,"column":21},"end":{"line":41,"column":22}},"loc":{"start":{"line":41,"column":32},"end":{"line":47,"column":3}},"line":41},"5":{"name":"mouseDown","decl":{"start":{"line":57,"column":11},"end":{"line":57,"column":20}},"loc":{"start":{"line":57,"column":29},"end":{"line":60,"column":1}},"line":57},"6":{"name":"mouseMove","decl":{"start":{"line":62,"column":9},"end":{"line":62,"column":18}},"loc":{"start":{"line":62,"column":27},"end":{"line":66,"column":1}},"line":62},"7":{"name":"mouseUp","decl":{"start":{"line":68,"column":9},"end":{"line":68,"column":16}},"loc":{"start":{"line":68,"column":25},"end":{"line":89,"column":1}},"line":68},"8":{"name":"showUsers","decl":{"start":{"line":93,"column":9},"end":{"line":93,"column":18}},"loc":{"start":{"line":93,"column":20},"end":{"line":174,"column":1}},"line":93}},"branchMap":{"0":{"loc":{"start":{"line":63,"column":4},"end":{"line":65,"column":5}},"type":"if","locations":[{"start":{"line":63,"column":4},"end":{"line":65,"column":5}},{"start":{"line":63,"column":4},"end":{"line":65,"column":5}}],"line":63},"1":{"loc":{"start":{"line":74,"column":3},"end":{"line":76,"column":4}},"type":"if","locations":[{"start":{"line":74,"column":3},"end":{"line":76,"column":4}},{"start":{"line":74,"column":3},"end":{"line":76,"column":4}}],"line":74},"2":{"loc":{"start":{"line":78,"column":3},"end":{"line":88,"column":3}},"type":"if","locations":[{"start":{"line":78,"column":3},"end":{"line":88,"column":3}},{"start":{"line":78,"column":3},"end":{"line":88,"column":3}}],"line":78},"3":{"loc":{"start":{"line":82,"column":8},"end":{"line":88,"column":3}},"type":"if","locations":[{"start":{"line":82,"column":8},"end":{"line":88,"column":3}},{"start":{"line":82,"column":8},"end":{"line":88,"column":3}}],"line":82},"4":{"loc":{"start":{"line":95,"column":2},"end":{"line":172,"column":3}},"type":"if","locations":[{"start":{"line":95,"column":2},"end":{"line":172,"column":3}},{"start":{"line":95,"column":2},"end":{"line":172,"column":3}}],"line":95},"5":{"loc":{"start":{"line":100,"column":41},"end":{"line":100,"column":99}},"type":"cond-expr","locations":[{"start":{"line":100,"column":61},"end":{"line":100,"column":70}},{"start":{"line":100,"column":72},"end":{"line":100,"column":99}}],"line":100},"6":{"loc":{"start":{"line":102,"column":31},"end":{"line":102,"column":83}},"type":"cond-expr","locations":[{"start":{"line":102,"column":51},"end":{"line":102,"column":60}},{"start":{"line":102,"column":62},"end":{"line":102,"column":83}}],"line":102},"7":{"loc":{"start":{"line":113,"column":13},"end":{"line":113,"column":59}},"type":"cond-expr","locations":[{"start":{"line":113,"column":33},"end":{"line":113,"column":42}},{"start":{"line":113,"column":44},"end":{"line":113,"column":59}}],"line":113},"8":{"loc":{"start":{"line":117,"column":25},"end":{"line":117,"column":57}},"type":"cond-expr","locations":[{"start":{"line":117,"column":44},"end":{"line":117,"column":46}},{"start":{"line":117,"column":47},"end":{"line":117,"column":57}}],"line":117},"9":{"loc":{"start":{"line":118,"column":25},"end":{"line":118,"column":56}},"type":"cond-expr","locations":[{"start":{"line":118,"column":44},"end":{"line":118,"column":46}},{"start":{"line":118,"column":47},"end":{"line":118,"column":56}}],"line":118},"10":{"loc":{"start":{"line":123,"column":7},"end":{"line":172,"column":3}},"type":"if","locations":[{"start":{"line":123,"column":7},"end":{"line":172,"column":3}},{"start":{"line":123,"column":7},"end":{"line":172,"column":3}}],"line":123},"11":{"loc":{"start":{"line":126,"column":41},"end":{"line":126,"column":116}},"type":"cond-expr","locations":[{"start":{"line":126,"column":69},"end":{"line":126,"column":87}},{"start":{"line":126,"column":89},"end":{"line":126,"column":116}}],"line":126},"12":{"loc":{"start":{"line":128,"column":31},"end":{"line":128,"column":100}},"type":"cond-expr","locations":[{"start":{"line":128,"column":59},"end":{"line":128,"column":77}},{"start":{"line":128,"column":79},"end":{"line":128,"column":100}}],"line":128},"13":{"loc":{"start":{"line":134,"column":9},"end":{"line":134,"column":199}},"type":"cond-expr","locations":[{"start":{"line":134,"column":36},"end":{"line":134,"column":54}},{"start":{"line":134,"column":57},"end":{"line":134,"column":199}}],"line":134},"14":{"loc":{"start":{"line":139,"column":13},"end":{"line":139,"column":76}},"type":"cond-expr","locations":[{"start":{"line":139,"column":41},"end":{"line":139,"column":59}},{"start":{"line":139,"column":61},"end":{"line":139,"column":76}}],"line":139},"15":{"loc":{"start":{"line":143,"column":25},"end":{"line":143,"column":57}},"type":"cond-expr","locations":[{"start":{"line":143,"column":44},"end":{"line":143,"column":46}},{"start":{"line":143,"column":47},"end":{"line":143,"column":57}}],"line":143},"16":{"loc":{"start":{"line":144,"column":25},"end":{"line":144,"column":56}},"type":"cond-expr","locations":[{"start":{"line":144,"column":44},"end":{"line":144,"column":46}},{"start":{"line":144,"column":47},"end":{"line":144,"column":56}}],"line":144},"17":{"loc":{"start":{"line":151,"column":41},"end":{"line":151,"column":109}},"type":"cond-expr","locations":[{"start":{"line":151,"column":61},"end":{"line":151,"column":80}},{"start":{"line":151,"column":82},"end":{"line":151,"column":109}}],"line":151},"18":{"loc":{"start":{"line":153,"column":31},"end":{"line":153,"column":93}},"type":"cond-expr","locations":[{"start":{"line":153,"column":51},"end":{"line":153,"column":70}},{"start":{"line":153,"column":72},"end":{"line":153,"column":93}}],"line":153},"19":{"loc":{"start":{"line":159,"column":9},"end":{"line":159,"column":193}},"type":"cond-expr","locations":[{"start":{"line":159,"column":29},"end":{"line":159,"column":48}},{"start":{"line":159,"column":51},"end":{"line":159,"column":193}}],"line":159},"20":{"loc":{"start":{"line":164,"column":13},"end":{"line":164,"column":69}},"type":"cond-expr","locations":[{"start":{"line":164,"column":33},"end":{"line":164,"column":52}},{"start":{"line":164,"column":54},"end":{"line":164,"column":69}}],"line":164},"21":{"loc":{"start":{"line":168,"column":25},"end":{"line":168,"column":57}},"type":"cond-expr","locations":[{"start":{"line":168,"column":44},"end":{"line":168,"column":46}},{"start":{"line":168,"column":47},"end":{"line":168,"column":57}}],"line":168},"22":{"loc":{"start":{"line":169,"column":25},"end":{"line":169,"column":56}},"type":"cond-expr","locations":[{"start":{"line":169,"column":44},"end":{"line":169,"column":46}},{"start":{"line":169,"column":47},"end":{"line":169,"column":56}}],"line":169}},"s":{"0":0,"1":0,"2":0,"3":0,"4":0,"5":0,"6":0,"7":0,"8":0,"9":0,"10":0,"11":0,"12":0,"13":0,"14":0,"15":0,"16":0,"17":0,"18":0,"19":0,"20":0,"21":0,"22":0,"23":0,"24":0,"25":0,"26":0,"27":0,"28":0,"29":0,"30":0,"31":0,"32":0,"33":0,"34":0,"35":0,"36":0,"37":0,"38":0,"39":0,"40":0,"41":0,"42":0,"43":0,"44":0,"45":0,"46":0},"f":{"0":0,"1":0,"2":0,"3":0,"4":0,"5":0,"6":0,"7":0,"8":0},"b":{"0":[0,0],"1":[0,0],"2":[0,0],"3":[0,0],"4":[0,0],"5":[0,0],"6":[0,0],"7":[0,0],"8":[0,0],"9":[0,0],"10":[0,0],"11":[0,0],"12":[0,0],"13":[0,0],"14":[0,0],"15":[0,0],"16":[0,0],"17":[0,0],"18":[0,0],"19":[0,0],"20":[0,0],"21":[0,0],"22":[0,0]},"_coverageSchema":"1a1c01bbd47fc00a2c39e90264f33305004495a9","hash":"47b54284776dff7bd1cde93cd5fca36224de3433"}
,"C:\\Users\\Vuyo\\Documents\\3rd year\\SD\\find-loverz\\src\\HomePageFiles\\Matches.js": {"path":"C:\\Users\\Vuyo\\Documents\\3rd year\\SD\\find-loverz\\src\\HomePageFiles\\Matches.js","statementMap":{"0":{"start":{"line":11,"column":18},"end":{"line":11,"column":30}},"1":{"start":{"line":13,"column":4},"end":{"line":35,"column":5}},"2":{"start":{"line":14,"column":8},"end":{"line":14,"column":26}},"3":{"start":{"line":15,"column":8},"end":{"line":15,"column":44}},"4":{"start":{"line":18,"column":8},"end":{"line":34,"column":9}}},"fnMap":{"0":{"name":"Matches","decl":{"start":{"line":9,"column":9},"end":{"line":9,"column":16}},"loc":{"start":{"line":9,"column":30},"end":{"line":38,"column":1}},"line":9}},"branchMap":{"0":{"loc":{"start":{"line":13,"column":4},"end":{"line":35,"column":5}},"type":"if","locations":[{"start":{"line":13,"column":4},"end":{"line":35,"column":5}},{"start":{"line":13,"column":4},"end":{"line":35,"column":5}}],"line":13}},"s":{"0":0,"1":0,"2":0,"3":0,"4":0},"f":{"0":0},"b":{"0":[0,0]},"_coverageSchema":"1a1c01bbd47fc00a2c39e90264f33305004495a9","hash":"299270413a1475e5e0d25a9fad2e465c436fe231"}
,"C:\\Users\\Vuyo\\Documents\\3rd year\\SD\\find-loverz\\src\\HomePageFiles\\Message.js": {"path":"C:\\Users\\Vuyo\\Documents\\3rd year\\SD\\find-loverz\\src\\HomePageFiles\\Message.js","statementMap":{"0":{"start":{"line":7,"column":4},"end":{"line":14,"column":5}},"1":{"start":{"line":8,"column":8},"end":{"line":13,"column":9}},"2":{"start":{"line":16,"column":4},"end":{"line":21,"column":5}}},"fnMap":{"0":{"name":"Message","decl":{"start":{"line":5,"column":9},"end":{"line":5,"column":16}},"loc":{"start":{"line":5,"column":33},"end":{"line":22,"column":1}},"line":5}},"branchMap":{"0":{"loc":{"start":{"line":7,"column":4},"end":{"line":14,"column":5}},"type":"if","locations":[{"start":{"line":7,"column":4},"end":{"line":14,"column":5}},{"start":{"line":7,"column":4},"end":{"line":14,"column":5}}],"line":7}},"s":{"0":0,"1":0,"2":0},"f":{"0":0},"b":{"0":[0,0]},"_coverageSchema":"1a1c01bbd47fc00a2c39e90264f33305004495a9","hash":"91997b813814dcc7d212faba5d23ea3d7bd8b944"}
,"C:\\Users\\Vuyo\\Documents\\3rd year\\SD\\find-loverz\\src\\HomePageFiles\\Modal.js": {"path":"C:\\Users\\Vuyo\\Documents\\3rd year\\SD\\find-loverz\\src\\HomePageFiles\\Modal.js","statementMap":{"0":{"start":{"line":5,"column":26},"end":{"line":9,"column":5}},"1":{"start":{"line":6,"column":20},"end":{"line":6,"column":34}},"2":{"start":{"line":7,"column":20},"end":{"line":7,"column":34}},"3":{"start":{"line":8,"column":8},"end":{"line":8,"column":61}},"4":{"start":{"line":11,"column":24},"end":{"line":23,"column":5}},"5":{"start":{"line":12,"column":20},"end":{"line":12,"column":77}},"6":{"start":{"line":13,"column":21},"end":{"line":13,"column":78}},"7":{"start":{"line":14,"column":22},"end":{"line":14,"column":40}},"8":{"start":{"line":15,"column":20},"end":{"line":15,"column":23}},"9":{"start":{"line":17,"column":8},"end":{"line":21,"column":9}},"10":{"start":{"line":17,"column":20},"end":{"line":17,"column":21}},"11":{"start":{"line":18,"column":27},"end":{"line":19,"column":37}},"12":{"start":{"line":20,"column":12},"end":{"line":20,"column":35}},"13":{"start":{"line":22,"column":8},"end":{"line":22,"column":21}},"14":{"start":{"line":27,"column":21},"end":{"line":27,"column":58}},"15":{"start":{"line":28,"column":8},"end":{"line":28,"column":26}},"16":{"start":{"line":29,"column":32},"end":{"line":29,"column":74}},"17":{"start":{"line":30,"column":22},"end":{"line":30,"column":60}},"18":{"start":{"line":32,"column":8},"end":{"line":40,"column":7}},"19":{"start":{"line":33,"column":8},"end":{"line":33,"column":46}},"20":{"start":{"line":35,"column":8},"end":{"line":35,"column":105}},"21":{"start":{"line":36,"column":8},"end":{"line":36,"column":105}},"22":{"start":{"line":37,"column":8},"end":{"line":37,"column":105}},"23":{"start":{"line":38,"column":8},"end":{"line":38,"column":105}},"24":{"start":{"line":39,"column":8},"end":{"line":39,"column":105}},"25":{"start":{"line":43,"column":4},"end":{"line":45,"column":7}},"26":{"start":{"line":44,"column":8},"end":{"line":44,"column":49}},"27":{"start":{"line":50,"column":4},"end":{"line":88,"column":5}}},"fnMap":{"0":{"name":"Modal","decl":{"start":{"line":3,"column":24},"end":{"line":3,"column":29}},"loc":{"start":{"line":3,"column":32},"end":{"line":89,"column":1}},"line":3},"1":{"name":"(anonymous_1)","decl":{"start":{"line":5,"column":26},"end":{"line":5,"column":27}},"loc":{"start":{"line":5,"column":36},"end":{"line":9,"column":5}},"line":5},"2":{"name":"(anonymous_2)","decl":{"start":{"line":11,"column":24},"end":{"line":11,"column":25}},"loc":{"start":{"line":11,"column":53},"end":{"line":23,"column":5}},"line":11},"3":{"name":"button","decl":{"start":{"line":26,"column":13},"end":{"line":26,"column":19}},"loc":{"start":{"line":26,"column":21},"end":{"line":47,"column":5}},"line":26},"4":{"name":"(anonymous_4)","decl":{"start":{"line":32,"column":38},"end":{"line":32,"column":39}},"loc":{"start":{"line":32,"column":42},"end":{"line":40,"column":5}},"line":32},"5":{"name":"(anonymous_5)","decl":{"start":{"line":43,"column":35},"end":{"line":43,"column":36}},"loc":{"start":{"line":43,"column":39},"end":{"line":45,"column":5}},"line":43}},"branchMap":{"0":{"loc":{"start":{"line":17,"column":23},"end":{"line":17,"column":60}},"type":"binary-expr","locations":[{"start":{"line":17,"column":23},"end":{"line":17,"column":39}},{"start":{"line":17,"column":43},"end":{"line":17,"column":60}}],"line":17}},"s":{"0":0,"1":0,"2":0,"3":0,"4":0,"5":0,"6":0,"7":0,"8":0,"9":0,"10":0,"11":0,"12":0,"13":0,"14":0,"15":0,"16":0,"17":0,"18":0,"19":0,"20":0,"21":0,"22":0,"23":0,"24":0,"25":0,"26":0,"27":0},"f":{"0":0,"1":0,"2":0,"3":0,"4":0,"5":0},"b":{"0":[0,0]},"_coverageSchema":"1a1c01bbd47fc00a2c39e90264f33305004495a9","hash":"db3679e64e8d48106840fa61c367f8fee85f0697"}
,"C:\\Users\\Vuyo\\Documents\\3rd year\\SD\\find-loverz\\src\\HomePageFiles\\NavBar.js": {"path":"C:\\Users\\Vuyo\\Documents\\3rd year\\SD\\find-loverz\\src\\HomePageFiles\\NavBar.js","statementMap":{"0":{"start":{"line":7,"column":18},"end":{"line":7,"column":30}},"1":{"start":{"line":10,"column":25},"end":{"line":15,"column":5}},"2":{"start":{"line":11,"column":8},"end":{"line":11,"column":34}},"3":{"start":{"line":12,"column":8},"end":{"line":12,"column":49}},"4":{"start":{"line":13,"column":8},"end":{"line":13,"column":22}},"5":{"start":{"line":14,"column":8},"end":{"line":14,"column":26}},"6":{"start":{"line":17,"column":4},"end":{"line":49,"column":5}}},"fnMap":{"0":{"name":"NavBar","decl":{"start":{"line":6,"column":24},"end":{"line":6,"column":30}},"loc":{"start":{"line":6,"column":49},"end":{"line":50,"column":1}},"line":6},"1":{"name":"(anonymous_1)","decl":{"start":{"line":10,"column":25},"end":{"line":10,"column":26}},"loc":{"start":{"line":10,"column":31},"end":{"line":15,"column":5}},"line":10}},"branchMap":{"0":{"loc":{"start":{"line":22,"column":16},"end":{"line":23,"column":100}},"type":"binary-expr","locations":[{"start":{"line":22,"column":16},"end":{"line":22,"column":20}},{"start":{"line":23,"column":16},"end":{"line":23,"column":100}}],"line":22}},"s":{"0":4,"1":4,"2":0,"3":0,"4":0,"5":0,"6":4},"f":{"0":4,"1":0},"b":{"0":[4,3]},"_coverageSchema":"1a1c01bbd47fc00a2c39e90264f33305004495a9","hash":"67f20c0d90e2da75ff22cb274dfbc6634a02ed3a"}
,"C:\\Users\\Vuyo\\Documents\\3rd year\\SD\\find-loverz\\src\\HomePageFiles\\Profile.js": {"path":"C:\\Users\\Vuyo\\Documents\\3rd year\\SD\\find-loverz\\src\\HomePageFiles\\Profile.js","statementMap":{"0":{"start":{"line":8,"column":16},"end":{"line":22,"column":1}},"1":{"start":{"line":12,"column":4},"end":{"line":21,"column":6}}},"fnMap":{"0":{"name":"(anonymous_0)","decl":{"start":{"line":8,"column":16},"end":{"line":8,"column":17}},"loc":{"start":{"line":8,"column":39},"end":{"line":22,"column":1}},"line":8}},"branchMap":{},"s":{"0":2,"1":2},"f":{"0":2},"b":{},"_coverageSchema":"1a1c01bbd47fc00a2c39e90264f33305004495a9","hash":"aaeecd25e42f103a3fca98a1fd8660f157aebb27"}
,"C:\\Users\\Vuyo\\Documents\\3rd year\\SD\\find-loverz\\src\\HomePageFiles\\ProfilePreview.js": {"path":"C:\\Users\\Vuyo\\Documents\\3rd year\\SD\\find-loverz\\src\\HomePageFiles\\ProfilePreview.js","statementMap":{"0":{"start":{"line":5,"column":23},"end":{"line":78,"column":1}},"1":{"start":{"line":6,"column":15},"end":{"line":6,"column":19}},"2":{"start":{"line":7,"column":34},"end":{"line":7,"column":54}},"3":{"start":{"line":8,"column":26},"end":{"line":27,"column":9}},"4":{"start":{"line":9,"column":8},"end":{"line":9,"column":25}},"5":{"start":{"line":10,"column":8},"end":{"line":10,"column":27}},"6":{"start":{"line":11,"column":8},"end":{"line":24,"column":9}},"7":{"start":{"line":12,"column":25},"end":{"line":14,"column":11}},"8":{"start":{"line":17,"column":23},"end":{"line":17,"column":42}},"9":{"start":{"line":18,"column":10},"end":{"line":18,"column":40}},"10":{"start":{"line":21,"column":12},"end":{"line":21,"column":26}},"11":{"start":{"line":28,"column":4},"end":{"line":31,"column":13}},"12":{"start":{"line":30,"column":8},"end":{"line":30,"column":24}},"13":{"start":{"line":32,"column":4},"end":{"line":40,"column":5}},"14":{"start":{"line":33,"column":8},"end":{"line":39,"column":9}},"15":{"start":{"line":34,"column":12},"end":{"line":34,"column":24}},"16":{"start":{"line":35,"column":12},"end":{"line":35,"column":29}},"17":{"start":{"line":38,"column":12},"end":{"line":38,"column":26}},"18":{"start":{"line":44,"column":4},"end":{"line":77,"column":6}}},"fnMap":{"0":{"name":"(anonymous_0)","decl":{"start":{"line":5,"column":23},"end":{"line":5,"column":24}},"loc":{"start":{"line":5,"column":46},"end":{"line":78,"column":1}},"line":5},"1":{"name":"(anonymous_1)","decl":{"start":{"line":8,"column":26},"end":{"line":8,"column":27}},"loc":{"start":{"line":8,"column":38},"end":{"line":27,"column":9}},"line":8},"2":{"name":"(anonymous_2)","decl":{"start":{"line":28,"column":14},"end":{"line":28,"column":15}},"loc":{"start":{"line":28,"column":18},"end":{"line":31,"column":9}},"line":28}},"branchMap":{"0":{"loc":{"start":{"line":32,"column":4},"end":{"line":40,"column":5}},"type":"if","locations":[{"start":{"line":32,"column":4},"end":{"line":40,"column":5}},{"start":{"line":32,"column":4},"end":{"line":40,"column":5}}],"line":32},"1":{"loc":{"start":{"line":54,"column":49},"end":{"line":54,"column":98}},"type":"cond-expr","locations":[{"start":{"line":54,"column":64},"end":{"line":54,"column":73}},{"start":{"line":54,"column":75},"end":{"line":54,"column":98}}],"line":54},"2":{"loc":{"start":{"line":55,"column":59},"end":{"line":55,"column":94}},"type":"cond-expr","locations":[{"start":{"line":55,"column":74},"end":{"line":55,"column":80}},{"start":{"line":55,"column":82},"end":{"line":55,"column":94}}],"line":55},"3":{"loc":{"start":{"line":57,"column":121},"end":{"line":57,"column":161}},"type":"cond-expr","locations":[{"start":{"line":57,"column":136},"end":{"line":57,"column":143}},{"start":{"line":57,"column":145},"end":{"line":57,"column":161}}],"line":57},"4":{"loc":{"start":{"line":59,"column":123},"end":{"line":59,"column":173}},"type":"cond-expr","locations":[{"start":{"line":59,"column":146},"end":{"line":59,"column":152}},{"start":{"line":59,"column":154},"end":{"line":59,"column":173}}],"line":59},"5":{"loc":{"start":{"line":60,"column":123},"end":{"line":60,"column":172}},"type":"cond-expr","locations":[{"start":{"line":60,"column":146},"end":{"line":60,"column":151}},{"start":{"line":60,"column":153},"end":{"line":60,"column":172}}],"line":60},"6":{"loc":{"start":{"line":61,"column":124},"end":{"line":61,"column":179}},"type":"cond-expr","locations":[{"start":{"line":61,"column":147},"end":{"line":61,"column":158}},{"start":{"line":61,"column":160},"end":{"line":61,"column":179}}],"line":61},"7":{"loc":{"start":{"line":63,"column":123},"end":{"line":63,"column":181}},"type":"cond-expr","locations":[{"start":{"line":63,"column":146},"end":{"line":63,"column":160}},{"start":{"line":63,"column":162},"end":{"line":63,"column":181}}],"line":63},"8":{"loc":{"start":{"line":64,"column":73},"end":{"line":64,"column":127}},"type":"cond-expr","locations":[{"start":{"line":64,"column":96},"end":{"line":64,"column":106}},{"start":{"line":64,"column":108},"end":{"line":64,"column":127}}],"line":64},"9":{"loc":{"start":{"line":70,"column":44},"end":{"line":70,"column":79}},"type":"cond-expr","locations":[{"start":{"line":70,"column":59},"end":{"line":70,"column":66}},{"start":{"line":70,"column":68},"end":{"line":70,"column":79}}],"line":70}},"s":{"0":3,"1":8,"2":8,"3":8,"4":8,"5":8,"6":8,"7":8,"8":0,"9":0,"10":8,"11":8,"12":8,"13":8,"14":2,"15":2,"16":2,"17":0,"18":8},"f":{"0":8,"1":8,"2":8},"b":{"0":[2,6],"1":[6,2],"2":[6,2],"3":[6,2],"4":[8,0],"5":[8,0],"6":[8,0],"7":[8,0],"8":[8,0],"9":[6,2]},"_coverageSchema":"1a1c01bbd47fc00a2c39e90264f33305004495a9","hash":"d39b38111daea4751642fcbf4a8a30a5179308ed"}
,"C:\\Users\\Vuyo\\Documents\\3rd year\\SD\\find-loverz\\src\\HomePageFiles\\Users.js": {"path":"C:\\Users\\Vuyo\\Documents\\3rd year\\SD\\find-loverz\\src\\HomePageFiles\\Users.js","statementMap":{"0":{"start":{"line":5,"column":4},"end":{"line":10,"column":5}}},"fnMap":{"0":{"name":"Users","decl":{"start":{"line":4,"column":24},"end":{"line":4,"column":29}},"loc":{"start":{"line":4,"column":32},"end":{"line":11,"column":1}},"line":4}},"branchMap":{},"s":{"0":0},"f":{"0":0},"b":{},"_coverageSchema":"1a1c01bbd47fc00a2c39e90264f33305004495a9","hash":"41df1ad5c5862200ab6635842b6525231d28838e"}
}
