TN:
SF:src\App.js
FN:21,App
FN:26,(anonymous_1)
FN:47,(anonymous_2)
FN:58,(anonymous_3)
FN:68,(anonymous_4)
FN:73,(anonymous_5)
FN:78,(anonymous_6)
FN:83,(anonymous_7)
FN:88,(anonymous_8)
FN:93,(anonymous_9)
FN:98,(anonymous_10)
FN:103,(anonymous_11)
FNF:12
FNH:5
FNDA:3,App
FNDA:2,(anonymous_1)
FNDA:2,(anonymous_2)
FNDA:2,(anonymous_3)
FNDA:3,(anonymous_4)
FNDA:0,(anonymous_5)
FNDA:0,(anonymous_6)
FNDA:0,(anonymous_7)
FNDA:0,(anonymous_8)
FNDA:0,(anonymous_9)
FNDA:0,(anonymous_10)
FNDA:0,(anonymous_11)
DA:22,3
DA:23,3
DA:24,3
DA:26,3
DA:28,2
DA:29,2
DA:40,2
DA:41,1
DA:47,3
DA:48,2
DA:49,2
DA:50,2
DA:51,0
DA:54,0
DA:58,3
DA:59,2
DA:63,3
DA:69,3
DA:74,0
DA:79,0
DA:84,0
DA:89,0
DA:94,0
DA:99,0
DA:104,0
LF:25
LH:16
BRDA:50,0,0,0
BRDA:50,0,1,2
BRF:2
BRH:1
end_of_record
TN:
SF:src\globalStyles.js
FNF:0
FNH:0
DA:1,3
LF:1
LH:1
BRF:0
BRH:0
end_of_record
TN:
SF:src\AuthFiles\DatePicker.js
FN:5,DatePicker
FN:12,(anonymous_1)
FNF:2
FNH:0
FNDA:0,DatePicker
FNDA:0,(anonymous_1)
DA:6,0
DA:7,0
DA:8,0
DA:12,0
LF:4
LH:0
BRF:0
BRH:0
end_of_record
TN:
SF:src\AuthFiles\Login.js
FN:12,Login
FN:20,(anonymous_1)
FN:27,(anonymous_2)
FN:67,(anonymous_3)
FN:73,(anonymous_4)
FNF:5
FNH:2
FNDA:4,Login
FNDA:0,(anonymous_1)
FNDA:0,(anonymous_2)
FNDA:0,(anonymous_3)
FNDA:8,(anonymous_4)
DA:13,4
DA:14,4
DA:15,4
DA:16,4
DA:17,4
DA:20,4
DA:22,0
DA:23,0
DA:24,0
DA:26,0
DA:27,0
DA:31,0
DA:33,0
DA:34,0
DA:35,0
DA:37,0
DA:39,0
DA:40,0
DA:45,0
DA:51,4
DA:53,4
DA:68,0
DA:69,0
DA:74,8
DA:124,2
LF:25
LH:10
BRDA:24,0,0,0
BRDA:24,0,1,0
BRDA:37,1,0,0
BRDA:37,1,1,0
BRDA:37,2,0,0
BRDA:37,2,1,0
BRDA:51,3,0,0
BRDA:51,3,1,4
BRDA:92,4,0,8
BRDA:92,4,1,4
BRDA:108,5,0,8
BRDA:108,5,1,4
BRDA:109,6,0,8
BRDA:109,6,1,0
BRDA:110,7,0,8
BRDA:110,7,1,0
BRF:16
BRH:7
end_of_record
TN:
SF:src\AuthFiles\Registration.js
FN:12,Registration
FN:40,getAge
FN:55,(anonymous_2)
FN:61,(anonymous_3)
FN:74,interestsDisplay
FN:79,(anonymous_5)
FN:80,(anonymous_6)
FN:117,interestsClose
FN:120,getDateString
FN:127,(anonymous_9)
FN:137,(anonymous_10)
FN:145,(anonymous_11)
FN:186,(anonymous_12)
FN:205,(anonymous_13)
FN:248,(anonymous_14)
FN:262,(anonymous_15)
FN:271,(anonymous_16)
FN:272,(anonymous_17)
FN:284,(anonymous_18)
FN:299,(anonymous_19)
FN:312,(anonymous_20)
FN:324,(anonymous_21)
FN:330,(anonymous_22)
FN:348,(anonymous_23)
FN:365,(anonymous_24)
FNF:25
FNH:0
FNDA:0,Registration
FNDA:0,getAge
FNDA:0,(anonymous_2)
FNDA:0,(anonymous_3)
FNDA:0,interestsDisplay
FNDA:0,(anonymous_5)
FNDA:0,(anonymous_6)
FNDA:0,interestsClose
FNDA:0,getDateString
FNDA:0,(anonymous_9)
FNDA:0,(anonymous_10)
FNDA:0,(anonymous_11)
FNDA:0,(anonymous_12)
FNDA:0,(anonymous_13)
FNDA:0,(anonymous_14)
FNDA:0,(anonymous_15)
FNDA:0,(anonymous_16)
FNDA:0,(anonymous_17)
FNDA:0,(anonymous_18)
FNDA:0,(anonymous_19)
FNDA:0,(anonymous_20)
FNDA:0,(anonymous_21)
FNDA:0,(anonymous_22)
FNDA:0,(anonymous_23)
FNDA:0,(anonymous_24)
DA:13,0
DA:14,0
DA:15,0
DA:16,0
DA:17,0
DA:18,0
DA:19,0
DA:20,0
DA:21,0
DA:22,0
DA:23,0
DA:24,0
DA:25,0
DA:26,0
DA:27,0
DA:29,0
DA:35,0
DA:36,0
DA:37,0
DA:38,0
DA:39,0
DA:41,0
DA:42,0
DA:43,0
DA:44,0
DA:45,0
DA:47,0
DA:49,0
DA:55,0
DA:56,0
DA:57,0
DA:58,0
DA:61,0
DA:62,0
DA:63,0
DA:64,0
DA:65,0
DA:66,0
DA:67,0
DA:69,0
DA:71,0
DA:75,0
DA:78,0
DA:79,0
DA:80,0
DA:81,0
DA:82,0
DA:85,0
DA:86,0
DA:87,0
DA:89,0
DA:90,0
DA:91,0
DA:95,0
DA:96,0
DA:97,0
DA:98,0
DA:99,0
DA:102,0
DA:104,0
DA:105,0
DA:106,0
DA:107,0
DA:108,0
DA:109,0
DA:113,0
DA:118,0
DA:122,0
DA:123,0
DA:127,0
DA:128,0
DA:129,0
DA:130,0
DA:131,0
DA:133,0
DA:137,0
DA:138,0
DA:145,0
DA:146,0
DA:147,0
DA:148,0
DA:150,0
DA:151,0
DA:152,0
DA:153,0
DA:154,0
DA:155,0
DA:157,0
DA:158,0
DA:160,0
DA:161,0
DA:166,0
DA:169,0
DA:170,0
DA:176,0
DA:179,0
DA:180,0
DA:181,0
DA:183,0
DA:187,0
DA:188,0
DA:189,0
DA:190,0
DA:195,0
DA:200,0
DA:201,0
DA:202,0
DA:203,0
DA:204,0
DA:205,0
DA:209,0
DA:211,0
DA:212,0
DA:213,0
DA:220,0
DA:231,0
DA:241,0
DA:248,0
DA:262,0
DA:271,0
DA:272,0
DA:284,0
DA:299,0
DA:312,0
DA:324,0
DA:330,0
DA:348,0
DA:365,0
LF:128
LH:0
BRDA:45,0,0,0
BRDA:45,0,1,0
BRDA:45,1,0,0
BRDA:45,1,1,0
BRDA:45,1,2,0
BRDA:66,2,0,0
BRDA:66,2,1,0
BRDA:78,3,0,0
BRDA:78,3,1,0
BRDA:85,4,0,0
BRDA:85,4,1,0
BRDA:95,5,0,0
BRDA:95,5,1,0
BRDA:154,6,0,0
BRDA:154,6,1,0
BRDA:157,7,0,0
BRDA:157,7,1,0
BRDA:158,8,0,0
BRDA:158,8,1,0
BRDA:158,9,0,0
BRDA:158,9,1,0
BRDA:158,9,2,0
BRDA:158,9,3,0
BRDA:160,10,0,0
BRDA:160,10,1,0
BRDA:160,11,0,0
BRDA:160,11,1,0
BRDA:160,11,2,0
BRDA:160,11,3,0
BRDA:160,11,4,0
BRDA:169,12,0,0
BRDA:169,12,1,0
BRDA:169,13,0,0
BRDA:169,13,1,0
BRDA:189,14,0,0
BRDA:189,14,1,0
BRDA:202,15,0,0
BRDA:202,15,1,0
BRF:38
BRH:0
end_of_record
TN:
SF:src\AuthFiles\UserValidation.js
FNF:0
FNH:0
DA:4,2
LF:1
LH:1
BRF:0
BRH:0
end_of_record
TN:
SF:src\BackendRequests\Authentication.js
FN:2,(anonymous_0)
FNF:1
FNH:0
FNDA:0,(anonymous_0)
DA:2,2
DA:3,0
DA:7,0
DA:8,0
DA:9,0
DA:11,0
DA:12,0
DA:13,0
DA:15,0
DA:16,0
LF:10
LH:1
BRDA:7,0,0,0
BRDA:7,0,1,0
BRDA:11,1,0,0
BRDA:11,1,1,0
BRF:4
BRH:0
end_of_record
TN:
SF:src\BackendRequests\Matches.js
FN:2,(anonymous_0)
FNF:1
FNH:0
FNDA:0,(anonymous_0)
DA:2,3
DA:3,0
DA:7,0
DA:8,0
DA:9,0
DA:11,0
DA:12,0
DA:13,0
DA:15,0
DA:16,0
LF:10
LH:1
BRDA:7,0,0,0
BRDA:7,0,1,0
BRDA:11,1,0,0
BRDA:11,1,1,0
BRF:4
BRH:0
end_of_record
TN:
SF:src\HelperClasses\LoginChecker.js
FN:3,isLoggedIn
FNF:1
FNH:1
FNDA:5,isLoggedIn
DA:4,5
DA:5,5
DA:6,0
DA:8,5
LF:4
LH:3
BRDA:5,0,0,0
BRDA:5,0,1,5
BRF:2
BRH:1
end_of_record
TN:
SF:src\HelperClasses\StorageHandler.js
FN:3,(anonymous_0)
FN:8,(anonymous_1)
FN:13,(anonymous_2)
FNF:3
FNH:1
FNDA:0,(anonymous_0)
FNDA:11,(anonymous_1)
FNDA:0,(anonymous_2)
DA:3,5
DA:4,0
DA:5,0
DA:8,5
DA:9,11
DA:10,11
DA:13,5
DA:14,0
LF:8
LH:5
BRF:0
BRH:0
end_of_record
TN:
SF:src\HelperClasses\search.js
FN:1,(anonymous_0)
FNF:1
FNH:0
FNDA:0,(anonymous_0)
DA:1,2
DA:2,0
DA:3,0
DA:4,0
DA:5,0
DA:6,0
DA:8,0
DA:9,0
DA:11,0
DA:12,0
DA:16,0
LF:11
LH:1
BRDA:5,0,0,0
BRDA:5,0,1,0
BRDA:8,1,0,0
BRDA:8,1,1,0
BRDA:8,2,0,0
BRDA:8,2,1,0
BRDA:8,2,2,0
BRDA:11,3,0,0
BRDA:11,3,1,0
BRDA:11,4,0,0
BRDA:11,4,1,0
BRF:11
BRH:0
end_of_record
TN:
SF:src\HomePageFiles\Chat.js
FN:10,Chat
FN:22,(anonymous_1)
FN:25,(anonymous_2)
FN:35,(anonymous_3)
FN:45,(anonymous_4)
FN:57,(anonymous_5)
FN:73,(anonymous_6)
FN:84,(anonymous_7)
FN:94,(anonymous_8)
FN:99,(anonymous_9)
FN:101,(anonymous_10)
FN:103,(anonymous_11)
FN:164,(anonymous_12)
FN:194,(anonymous_13)
FN:197,(anonymous_14)
FNF:15
FNH:3
FNDA:4,Chat
FNDA:0,(anonymous_1)
FNDA:0,(anonymous_2)
FNDA:0,(anonymous_3)
FNDA:0,(anonymous_4)
FNDA:0,(anonymous_5)
FNDA:0,(anonymous_6)
FNDA:0,(anonymous_7)
FNDA:0,(anonymous_8)
FNDA:2,(anonymous_9)
FNDA:0,(anonymous_10)
FNDA:0,(anonymous_11)
FNDA:0,(anonymous_12)
FNDA:4,(anonymous_13)
FNDA:0,(anonymous_14)
DA:12,4
DA:13,4
DA:14,4
DA:15,4
DA:16,4
DA:17,4
DA:18,4
DA:20,4
DA:21,4
DA:22,4
DA:23,0
DA:25,4
DA:26,0
DA:27,0
DA:28,0
DA:29,0
DA:31,0
DA:35,0
DA:39,0
DA:40,0
DA:45,4
DA:47,0
DA:51,0
DA:53,0
DA:57,4
DA:58,0
DA:59,0
DA:60,0
DA:61,0
DA:62,0
DA:64,0
DA:66,0
DA:77,0
DA:86,0
DA:87,0
DA:89,0
DA:91,0
DA:94,4
DA:95,0
DA:99,4
DA:100,2
DA:101,0
DA:102,0
DA:103,0
DA:104,0
DA:106,0
DA:108,0
DA:122,4
DA:123,1
DA:138,3
DA:165,0
DA:194,4
DA:197,0
LF:53
LH:20
BRDA:100,0,0,0
BRDA:100,0,1,2
BRDA:100,1,0,2
BRDA:100,1,1,1
BRDA:122,2,0,1
BRDA:122,2,1,3
BRDA:142,3,0,3
BRDA:142,3,1,0
BRDA:164,4,0,3
BRDA:164,4,1,3
BRF:10
BRH:8
end_of_record
TN:
SF:src\HomePageFiles\ChatWindow.js
FN:7,Chat
FNF:1
FNH:0
FNDA:0,Chat
DA:8,0
DA:9,0
DA:10,0
DA:19,0
LF:4
LH:0
BRF:0
BRH:0
end_of_record
TN:
SF:src\HomePageFiles\EditProfile.js
FN:11,(anonymous_0)
FN:36,(anonymous_1)
FN:58,(anonymous_2)
FN:75,(anonymous_3)
FN:82,(anonymous_4)
FN:88,(anonymous_5)
FN:101,interestsDisplay
FN:106,(anonymous_7)
FN:107,(anonymous_8)
FN:144,interestsClose
FN:148,(anonymous_10)
FN:158,(anonymous_11)
FN:165,(anonymous_12)
FN:182,(anonymous_13)
FN:186,(anonymous_14)
FN:212,(anonymous_15)
FN:216,(anonymous_16)
FN:234,(anonymous_17)
FN:239,(anonymous_18)
FN:257,(anonymous_19)
FN:261,(anonymous_20)
FN:284,(anonymous_21)
FN:289,(anonymous_22)
FN:319,(anonymous_23)
FN:320,(anonymous_24)
FN:343,(anonymous_25)
FN:352,(anonymous_26)
FN:364,(anonymous_27)
FN:386,(anonymous_28)
FNF:29
FNH:10
FNDA:15,(anonymous_0)
FNDA:3,(anonymous_1)
FNDA:3,(anonymous_2)
FNDA:0,(anonymous_3)
FNDA:0,(anonymous_4)
FNDA:0,(anonymous_5)
FNDA:0,interestsDisplay
FNDA:0,(anonymous_7)
FNDA:0,(anonymous_8)
FNDA:0,interestsClose
FNDA:2,(anonymous_10)
FNDA:0,(anonymous_11)
FNDA:2,(anonymous_12)
FNDA:0,(anonymous_13)
FNDA:0,(anonymous_14)
FNDA:0,(anonymous_15)
FNDA:0,(anonymous_16)
FNDA:0,(anonymous_17)
FNDA:0,(anonymous_18)
FNDA:0,(anonymous_19)
FNDA:0,(anonymous_20)
FNDA:0,(anonymous_21)
FNDA:0,(anonymous_22)
FNDA:18,(anonymous_23)
FNDA:0,(anonymous_24)
FNDA:1,(anonymous_25)
FNDA:1,(anonymous_26)
FNDA:1,(anonymous_27)
FNDA:2,(anonymous_28)
DA:11,2
DA:16,15
DA:17,15
DA:18,15
DA:19,15
DA:20,15
DA:23,15
DA:24,15
DA:25,15
DA:26,15
DA:27,15
DA:28,15
DA:29,15
DA:30,15
DA:32,15
DA:33,15
DA:35,15
DA:36,15
DA:37,3
DA:38,3
DA:39,3
DA:40,3
DA:45,0
DA:46,0
DA:50,3
DA:58,15
DA:60,3
DA:64,15
DA:65,15
DA:66,15
DA:67,15
DA:70,0
DA:75,15
DA:76,0
DA:77,0
DA:78,0
DA:82,15
DA:83,0
DA:84,0
DA:85,0
DA:88,15
DA:89,0
DA:90,0
DA:91,0
DA:92,0
DA:93,0
DA:94,0
DA:96,0
DA:98,0
DA:102,0
DA:105,0
DA:106,0
DA:107,0
DA:108,0
DA:109,0
DA:112,0
DA:113,0
DA:114,0
DA:116,0
DA:117,0
DA:118,0
DA:122,0
DA:123,0
DA:124,0
DA:125,0
DA:126,0
DA:129,0
DA:131,0
DA:132,0
DA:133,0
DA:134,0
DA:135,0
DA:136,0
DA:140,0
DA:145,0
DA:148,15
DA:149,2
DA:150,0
DA:151,0
DA:152,0
DA:154,0
DA:158,0
DA:159,0
DA:165,15
DA:167,2
DA:168,2
DA:169,2
DA:170,2
DA:172,2
DA:174,0
DA:183,0
DA:184,0
DA:187,0
DA:188,0
DA:191,0
DA:201,2
DA:203,2
DA:204,1
DA:213,0
DA:217,0
DA:218,0
DA:220,0
DA:223,1
DA:226,0
DA:235,0
DA:237,0
DA:240,0
DA:241,0
DA:243,0
DA:246,1
DA:249,0
DA:258,0
DA:262,0
DA:263,0
DA:265,0
DA:269,1
DA:272,0
DA:285,0
DA:286,0
DA:290,0
DA:291,0
DA:294,1
DA:295,1
DA:298,0
DA:305,15
DA:307,15
DA:319,18
DA:320,0
DA:343,1
DA:352,1
DA:364,1
DA:386,2
LF:132
LH:55
BRDA:64,0,0,15
BRDA:64,0,1,0
BRDA:93,1,0,0
BRDA:93,1,1,0
BRDA:105,2,0,0
BRDA:105,2,1,0
BRDA:112,3,0,0
BRDA:112,3,1,0
BRDA:122,4,0,0
BRDA:122,4,1,0
BRDA:167,5,0,2
BRDA:167,5,1,0
BRDA:172,6,0,0
BRDA:172,6,1,2
BRDA:172,7,0,2
BRDA:172,7,1,0
BRDA:203,8,0,1
BRDA:203,8,1,1
BRDA:203,9,0,2
BRDA:203,9,1,2
BRDA:223,10,0,0
BRDA:223,10,1,1
BRDA:223,11,0,1
BRDA:223,11,1,1
BRDA:246,12,0,0
BRDA:246,12,1,1
BRDA:246,13,0,1
BRDA:246,13,1,1
BRDA:269,14,0,0
BRDA:269,14,1,1
BRDA:269,15,0,1
BRDA:269,15,1,0
BRDA:269,15,2,0
BRDA:269,15,3,0
BRDA:269,15,4,0
BRDA:294,16,0,1
BRDA:294,16,1,0
BRDA:294,17,0,1
BRDA:294,17,1,0
BRDA:294,17,2,0
BRDA:313,18,0,0
BRDA:313,18,1,15
BRDA:325,19,0,0
BRDA:325,19,1,15
BRDA:371,20,0,15
BRDA:371,20,1,0
BRDA:372,21,0,15
BRDA:372,21,1,0
BRDA:373,22,0,15
BRDA:373,22,1,0
BRDA:375,23,0,15
BRDA:375,23,1,0
BRDA:376,24,0,15
BRDA:376,24,1,0
BRF:54
BRH:25
end_of_record
TN:
SF:src\HomePageFiles\Feed.js
FN:12,Feed
FNF:1
FNH:1
FNDA:1,Feed
DA:13,1
DA:14,1
DA:16,1
DA:17,1
DA:18,1
DA:21,0
DA:25,0
LF:7
LH:5
BRDA:16,0,0,1
BRDA:16,0,1,0
BRDA:21,1,0,0
BRDA:21,1,1,0
BRF:4
BRH:1
end_of_record
TN:
SF:src\HomePageFiles\FeedCard.js
FN:4,FeedCard
FN:6,(anonymous_1)
FN:7,(anonymous_2)
FN:18,(anonymous_3)
FN:19,(anonymous_4)
FNF:5
FNH:0
FNDA:0,FeedCard
FNDA:0,(anonymous_1)
FNDA:0,(anonymous_2)
FNDA:0,(anonymous_3)
FNDA:0,(anonymous_4)
DA:6,0
DA:7,0
DA:8,0
DA:9,0
DA:12,0
DA:14,0
DA:15,0
DA:18,0
DA:19,0
DA:20,0
DA:21,0
DA:24,0
DA:26,0
DA:27,0
DA:31,0
LF:15
LH:0
BRF:0
BRH:0
end_of_record
TN:
SF:src\HomePageFiles\FeedLeft.js
FN:8,FeedLeft
FN:13,(anonymous_1)
FN:20,(anonymous_2)
FN:21,(anonymous_3)
FN:61,showMatches
FN:82,(anonymous_5)
FNF:6
FNH:4
FNDA:2,FeedLeft
FNDA:0,(anonymous_1)
FNDA:1,(anonymous_2)
FNDA:1,(anonymous_3)
FNDA:2,showMatches
FNDA:0,(anonymous_5)
DA:9,2
DA:10,2
DA:11,2
DA:13,2
DA:14,0
DA:15,0
DA:17,0
DA:20,2
DA:21,1
DA:22,1
DA:23,1
DA:24,0
DA:25,0
DA:26,0
DA:30,0
DA:31,0
DA:32,0
DA:37,1
DA:41,1
DA:46,2
DA:47,2
DA:48,2
DA:49,2
DA:53,0
DA:54,0
DA:55,0
DA:56,0
DA:63,2
DA:65,2
DA:68,0
DA:69,0
DA:70,0
DA:71,0
DA:73,0
DA:74,0
DA:75,0
DA:78,0
DA:80,0
DA:81,0
DA:82,0
DA:91,0
DA:94,2
DA:99,2
LF:43
LH:18
BRDA:24,0,0,0
BRDA:24,0,1,0
BRDA:47,1,0,2
BRDA:47,1,1,0
BRDA:70,2,0,0
BRDA:70,2,1,0
BRDA:74,3,0,0
BRDA:74,3,1,0
BRF:8
BRH:1
end_of_record
TN:
SF:src\HomePageFiles\FeedRight.js
FN:8,FeedRight
FN:15,(anonymous_1)
FN:23,(anonymous_2)
FN:31,(anonymous_3)
FN:35,(anonymous_4)
FN:59,(anonymous_5)
FN:87,(anonymous_6)
FN:96,(anonymous_7)
FNF:8
FNH:0
FNDA:0,FeedRight
FNDA:0,(anonymous_1)
FNDA:0,(anonymous_2)
FNDA:0,(anonymous_3)
FNDA:0,(anonymous_4)
FNDA:0,(anonymous_5)
FNDA:0,(anonymous_6)
FNDA:0,(anonymous_7)
DA:12,0
DA:13,0
DA:15,0
DA:16,0
DA:19,0
DA:20,0
DA:23,0
DA:24,0
DA:27,0
DA:28,0
DA:31,0
DA:32,0
DA:35,0
DA:37,0
DA:38,0
DA:39,0
DA:40,0
DA:42,0
DA:47,0
DA:48,0
DA:59,0
DA:75,0
DA:87,0
DA:97,0
LF:24
LH:0
BRDA:38,0,0,0
BRDA:38,0,1,0
BRDA:47,1,0,0
BRDA:47,1,1,0
BRF:4
BRH:0
end_of_record
TN:
SF:src\HomePageFiles\Matches.js
FN:9,Matches
FNF:1
FNH:0
FNDA:0,Matches
DA:11,0
DA:13,0
DA:14,0
DA:15,0
DA:18,0
LF:5
LH:0
BRDA:13,0,0,0
BRDA:13,0,1,0
BRF:2
BRH:0
end_of_record
TN:
SF:src\HomePageFiles\Message.js
FN:5,Message
FNF:1
FNH:0
FNDA:0,Message
DA:6,0
DA:7,0
DA:10,0
DA:11,0
DA:13,0
DA:14,0
DA:15,0
DA:16,0
DA:20,0
DA:24,0
DA:25,0
DA:28,0
DA:29,0
DA:32,0
DA:33,0
DA:36,0
DA:37,0
DA:40,0
DA:41,0
DA:44,0
DA:45,0
DA:47,0
DA:50,0
DA:52,0
DA:54,0
DA:56,0
DA:58,0
DA:59,0
DA:64,0
DA:66,0
DA:67,0
DA:71,0
DA:78,0
DA:80,0
DA:81,0
DA:85,0
DA:92,0
DA:94,0
DA:95,0
DA:98,0
DA:99,0
DA:103,0
DA:110,0
DA:116,0
DA:119,0
DA:120,0
DA:134,0
LF:47
LH:0
BRDA:14,0,0,0
BRDA:14,0,1,0
BRDA:14,1,0,0
BRDA:14,1,1,0
BRDA:14,1,2,0
BRDA:50,2,0,0
BRDA:50,2,1,0
BRDA:52,3,0,0
BRDA:52,3,1,0
BRDA:54,4,0,0
BRDA:54,4,1,0
BRDA:56,5,0,0
BRDA:56,5,1,0
BRDA:58,6,0,0
BRDA:58,6,1,0
BRDA:66,7,0,0
BRDA:66,7,1,0
BRDA:80,8,0,0
BRDA:80,8,1,0
BRDA:94,9,0,0
BRDA:94,9,1,0
BRDA:98,10,0,0
BRDA:98,10,1,0
BRDA:119,11,0,0
BRDA:119,11,1,0
BRDA:123,12,0,0
BRDA:123,12,1,0
BRDA:136,13,0,0
BRDA:136,13,1,0
BRF:29
BRH:0
end_of_record
TN:
SF:src\HomePageFiles\Modal.js
FN:3,Modal
FN:5,(anonymous_1)
FN:11,(anonymous_2)
FN:26,button
FN:32,(anonymous_4)
FN:43,(anonymous_5)
FNF:6
FNH:0
FNDA:0,Modal
FNDA:0,(anonymous_1)
FNDA:0,(anonymous_2)
FNDA:0,button
FNDA:0,(anonymous_4)
FNDA:0,(anonymous_5)
DA:5,0
DA:6,0
DA:7,0
DA:8,0
DA:11,0
DA:12,0
DA:13,0
DA:14,0
DA:15,0
DA:17,0
DA:18,0
DA:20,0
DA:22,0
DA:27,0
DA:28,0
DA:29,0
DA:30,0
DA:32,0
DA:33,0
DA:35,0
DA:36,0
DA:37,0
DA:38,0
DA:39,0
DA:43,0
DA:44,0
DA:50,0
LF:27
LH:0
BRDA:17,0,0,0
BRDA:17,0,1,0
BRF:2
BRH:0
end_of_record
TN:
SF:src\HomePageFiles\NavBar.js
FN:9,NavBar
FN:25,(anonymous_1)
FNF:2
FNH:1
FNDA:5,NavBar
FNDA:0,(anonymous_1)
DA:11,5
DA:12,5
DA:25,5
DA:26,0
DA:27,0
DA:28,0
DA:29,0
DA:32,5
LF:8
LH:4
BRDA:37,0,0,5
BRDA:37,0,1,4
BRF:2
BRH:2
end_of_record
TN:
SF:src\HomePageFiles\Profile.js
FN:8,(anonymous_0)
FNF:1
FNH:1
FNDA:2,(anonymous_0)
DA:8,2
DA:12,2
LF:2
LH:2
BRF:0
BRH:0
end_of_record
TN:
SF:src\HomePageFiles\ProfilePreview.js
FN:5,(anonymous_0)
FN:8,(anonymous_1)
FN:28,(anonymous_2)
FNF:3
FNH:3
FNDA:8,(anonymous_0)
FNDA:8,(anonymous_1)
FNDA:8,(anonymous_2)
DA:5,3
DA:6,8
DA:7,8
DA:8,8
DA:9,8
DA:10,8
DA:11,8
DA:12,8
DA:17,0
DA:18,0
DA:21,8
DA:28,8
DA:30,8
DA:32,8
DA:33,2
DA:34,2
DA:35,2
DA:38,0
DA:44,8
LF:19
LH:16
BRDA:32,0,0,2
BRDA:32,0,1,6
BRDA:54,1,0,6
BRDA:54,1,1,2
BRDA:55,2,0,6
BRDA:55,2,1,2
BRDA:57,3,0,6
BRDA:57,3,1,2
BRDA:59,4,0,8
BRDA:59,4,1,0
BRDA:60,5,0,8
BRDA:60,5,1,0
BRDA:61,6,0,8
BRDA:61,6,1,0
BRDA:63,7,0,8
BRDA:63,7,1,0
BRDA:64,8,0,8
BRDA:64,8,1,0
BRDA:70,9,0,6
BRDA:70,9,1,2
BRF:20
BRH:15
end_of_record
TN:
SF:src\HomePageFiles\Search.js
FN:7,Search
FN:15,(anonymous_1)
FN:28,(anonymous_2)
FN:33,swipeRight
FN:34,(anonymous_4)
FN:46,swipeLeft
FN:47,(anonymous_6)
FN:66,mouseDown
FN:71,mouseMove
FN:77,mouseUp
FN:104,showUsers
FNF:11
FNH:0
FNDA:0,Search
FNDA:0,(anonymous_1)
FNDA:0,(anonymous_2)
FNDA:0,swipeRight
FNDA:0,(anonymous_4)
FNDA:0,swipeLeft
FNDA:0,(anonymous_6)
FNDA:0,mouseDown
FNDA:0,mouseMove
FNDA:0,mouseUp
FNDA:0,showUsers
DA:10,0
DA:13,0
DA:15,0
DA:16,0
DA:17,0
DA:18,0
DA:22,0
DA:23,0
DA:24,0
DA:25,0
DA:28,0
DA:29,0
DA:34,0
DA:35,0
DA:36,0
DA:39,0
DA:41,0
DA:43,0
DA:47,0
DA:48,0
DA:49,0
DA:52,0
DA:54,0
DA:55,0
DA:58,0
DA:59,0
DA:60,0
DA:64,0
DA:67,0
DA:68,0
DA:72,0
DA:73,0
DA:78,0
DA:79,0
DA:80,0
DA:83,0
DA:84,0
DA:87,0
DA:88,0
DA:91,0
DA:92,0
DA:96,0
DA:102,0
DA:103,0
DA:105,0
DA:106,0
DA:107,0
DA:108,0
DA:109,0
DA:110,0
DA:135,0
DA:136,0
DA:161,0
DA:185,0
DA:188,0
LF:55
LH:0
BRDA:72,0,0,0
BRDA:72,0,1,0
BRDA:83,1,0,0
BRDA:83,1,1,0
BRDA:87,2,0,0
BRDA:87,2,1,0
BRDA:91,3,0,0
BRDA:91,3,1,0
BRDA:106,4,0,0
BRDA:106,4,1,0
BRDA:112,5,0,0
BRDA:112,5,1,0
BRDA:114,6,0,0
BRDA:114,6,1,0
BRDA:125,7,0,0
BRDA:125,7,1,0
BRDA:129,8,0,0
BRDA:129,8,1,0
BRDA:130,9,0,0
BRDA:130,9,1,0
BRDA:135,10,0,0
BRDA:135,10,1,0
BRDA:138,11,0,0
BRDA:138,11,1,0
BRDA:140,12,0,0
BRDA:140,12,1,0
BRDA:146,13,0,0
BRDA:146,13,1,0
BRDA:151,14,0,0
BRDA:151,14,1,0
BRDA:155,15,0,0
BRDA:155,15,1,0
BRDA:156,16,0,0
BRDA:156,16,1,0
BRDA:163,17,0,0
BRDA:163,17,1,0
BRDA:165,18,0,0
BRDA:165,18,1,0
BRDA:171,19,0,0
BRDA:171,19,1,0
BRDA:176,20,0,0
BRDA:176,20,1,0
BRDA:180,21,0,0
BRDA:180,21,1,0
BRDA:181,22,0,0
BRDA:181,22,1,0
BRF:46
BRH:0
end_of_record
TN:
SF:src\HomePageFiles\SearchbyLocation.js
FN:9,Search
FN:20,(anonymous_1)
FN:26,(anonymous_2)
FN:30,(anonymous_3)
FN:40,(anonymous_4)
FN:46,swipeRight
FN:47,(anonymous_6)
FN:59,swipeLeft
FN:60,(anonymous_8)
FN:79,mouseDown
FN:84,mouseMove
FN:90,mouseUp
FN:117,showUsers
FNF:13
FNH:0
FNDA:0,Search
FNDA:0,(anonymous_1)
FNDA:0,(anonymous_2)
FNDA:0,(anonymous_3)
FNDA:0,(anonymous_4)
FNDA:0,swipeRight
FNDA:0,(anonymous_6)
FNDA:0,swipeLeft
FNDA:0,(anonymous_8)
FNDA:0,mouseDown
FNDA:0,mouseMove
FNDA:0,mouseUp
FNDA:0,showUsers
DA:12,0
DA:15,0
DA:17,0
DA:18,0
DA:20,0
DA:21,0
DA:22,0
DA:23,0
DA:26,0
DA:27,0
DA:30,0
DA:31,0
DA:34,0
DA:35,0
DA:36,0
DA:38,0
DA:40,0
DA:41,0
DA:47,0
DA:48,0
DA:49,0
DA:52,0
DA:54,0
DA:56,0
DA:60,0
DA:61,0
DA:62,0
DA:65,0
DA:67,0
DA:68,0
DA:71,0
DA:72,0
DA:73,0
DA:77,0
DA:80,0
DA:81,0
DA:85,0
DA:86,0
DA:91,0
DA:92,0
DA:93,0
DA:96,0
DA:97,0
DA:100,0
DA:101,0
DA:104,0
DA:105,0
DA:109,0
DA:115,0
DA:116,0
DA:118,0
DA:119,0
DA:120,0
DA:121,0
DA:122,0
DA:123,0
DA:124,0
DA:150,0
DA:151,0
DA:154,0
DA:155,0
DA:176,0
LF:62
LH:0
BRDA:85,0,0,0
BRDA:85,0,1,0
BRDA:96,1,0,0
BRDA:96,1,1,0
BRDA:100,2,0,0
BRDA:100,2,1,0
BRDA:104,3,0,0
BRDA:104,3,1,0
BRDA:119,4,0,0
BRDA:119,4,1,0
BRDA:122,5,0,0
BRDA:122,5,1,0
BRDA:126,6,0,0
BRDA:126,6,1,0
BRDA:128,7,0,0
BRDA:128,7,1,0
BRDA:139,8,0,0
BRDA:139,8,1,0
BRDA:143,9,0,0
BRDA:143,9,1,0
BRDA:144,10,0,0
BRDA:144,10,1,0
BRDA:154,11,0,0
BRDA:154,11,1,0
BRF:24
BRH:0
end_of_record
TN:
SF:src\HomePageFiles\Users.js
FN:4,Users
FNF:1
FNH:0
FNDA:0,Users
DA:5,0
LF:1
LH:0
BRF:0
BRH:0
end_of_record
