TN:
SF:src\globalStyles.js
FNF:0
FNH:0
DA:1,1
LF:1
LH:1
BRF:0
BRH:0
end_of_record
TN:
SF:src\AuthFiles\Login.js
FN:9,Login
FN:15,(anonymous_1)
FN:42,(anonymous_2)
FN:48,(anonymous_3)
FNF:4
FNH:2
FNDA:1,Login
FNDA:0,(anonymous_1)
FNDA:0,(anonymous_2)
FNDA:1,(anonymous_3)
DA:10,1
DA:11,1
DA:12,1
DA:13,1
DA:15,1
DA:17,0
DA:18,0
DA:19,0
DA:20,0
DA:22,0
DA:24,0
DA:28,0
DA:33,1
DA:43,0
DA:44,0
DA:49,1
DA:86,1
LF:17
LH:8
BRDA:19,0,0,0
BRDA:19,0,1,0
BRDA:22,1,0,0
BRDA:22,1,1,0
BRDA:60,2,0,1
BRDA:60,2,1,0
BRDA:72,3,0,1
BRDA:72,3,1,0
BRDA:73,4,0,1
BRDA:73,4,1,0
BRDA:74,5,0,1
BRDA:74,5,1,0
BRF:12
BRH:4
end_of_record
TN:
SF:src\AuthFiles\UserValidation.js
FNF:0
FNH:0
DA:4,1
LF:1
LH:1
BRF:0
BRH:0
end_of_record
TN:
SF:src\BackendRequests\Authentication.js
FN:2,(anonymous_0)
FNF:1
FNH:0
FNDA:0,(anonymous_0)
DA:2,1
DA:3,0
DA:7,0
DA:8,0
DA:9,0
DA:10,0
DA:12,0
DA:13,0
DA:14,0
DA:15,0
DA:17,0
DA:18,0
LF:12
LH:1
BRDA:7,0,0,0
BRDA:7,0,1,0
BRDA:12,1,0,0
BRDA:12,1,1,0
BRF:4
BRH:0
end_of_record
